#
# There is insufficient memory for the Java Runtime Environment to continue.
# Native memory allocation (malloc) failed to allocate 1525616 bytes for Chunk::new
# Possible reasons:
#   The system is out of physical RAM or swap space
#   The process is running with CompressedOops enabled, and the Java Heap may be blocking the growth of the native heap
# Possible solutions:
#   Reduce memory load on the system
#   Increase physical memory or swap space
#   Check if swap backing store is full
#   Decrease Java heap size (-Xmx/-Xms)
#   Decrease number of Java threads
#   Decrease Java thread stack sizes (-Xss)
#   Set larger code cache with -XX:ReservedCodeCacheSize=
#   JVM is running with Zero Based Compressed Oops mode in which the Java heap is
#     placed in the first 32GB address space. The Java Heap base address is the
#     maximum limit for the native heap growth. Please use -XX:HeapBaseMinAddress
#     to set the Java Heap base and to place the Java Heap above 32GB virtual address.
# This output file may be truncated or incomplete.
#
#  Out of Memory Error (arena.cpp:197), pid=3464, tid=13408
#
# JRE version: OpenJDK Runtime Environment Corretto-11.0.19.7.1 (11.0.19+7) (build 11.0.19+7-LTS)
# Java VM: OpenJDK 64-Bit Server VM Corretto-11.0.19.7.1 (11.0.19+7-LTS, mixed mode, tiered, compressed oops, g1 gc, windows-amd64)
# No core dump will be written. Minidumps are not enabled by default on client versions of Windows
#

---------------  S U M M A R Y ------------

Command Line: -javaagent:C:\Program Files\IntelliJ IDEA Community Edition 2020.2.1\lib\idea_rt.jar=55554:C:\Program Files\IntelliJ IDEA Community Edition 2020.2.1\bin -Dfile.encoding=UTF-8 ru.practicum.AppGateWey

Host: Intel(R) Core(TM) i7-7700 CPU @ 3.60GHz, 8 cores, 15G,  Windows 10 , 64 bit Build 19041 (10.0.19041.3636)
Time: Fri May 10 22:59:51 2024 RTZ 4 (s 10 , 64 bit Build 19041 (10.0.19041.3636) elapsed time: 11.091053 seconds (0d 0h 0m 11s)

---------------  T H R E A D  ---------------

Current thread (0x000001c141a7e000):  JavaThread "C2 CompilerThread0" daemon [_thread_in_native, id=13408, stack(0x0000008b8a500000,0x0000008b8a600000)]


Current CompileTask:
C2:  11091 4339   !   4       jdk.internal.loader.BuiltinClassLoader::findClassOnClassPathOrNull (64 bytes)

Stack: [0x0000008b8a500000,0x0000008b8a600000]
Native frames: (J=compiled Java code, j=interpreted, Vv=VM code, C=native code)
V  [jvm.dll+0x6235aa]
V  [jvm.dll+0x7b0f89]
V  [jvm.dll+0x7b2678]
V  [jvm.dll+0x7b2d53]
V  [jvm.dll+0x24fe38]
V  [jvm.dll+0xc264c]
V  [jvm.dll+0xc2c0c]
V  [jvm.dll+0x35cc37]
V  [jvm.dll+0x19eaf9]
V  [jvm.dll+0x209395]
V  [jvm.dll+0x20840d]
V  [jvm.dll+0x18a3c1]
V  [jvm.dll+0x217ab4]
V  [jvm.dll+0x215cfb]
V  [jvm.dll+0x773a90]
V  [jvm.dll+0x76c9c4]
V  [jvm.dll+0x622415]
C  [ucrtbase.dll+0x21bb2]
C  [KERNEL32.DLL+0x17344]
C  [ntdll.dll+0x526b1]


---------------  P R O C E S S  ---------------

Threads class SMR info:
_java_thread_list=0x000001c147d6e600, length=28, elements={
0x000001c141a5d000, 0x000001c141a66800, 0x000001c142373800, 0x000001c142374800,
0x000001c141a7c000, 0x000001c141a7e000, 0x000001c14237f800, 0x000001c142389000,
0x000001c141a18000, 0x000001c142550800, 0x000001c1427df000, 0x000001c147d6f800,
0x000001c1475b0000, 0x000001c14671f800, 0x000001c1480b1800, 0x000001c146833000,
0x000001c1467bb000, 0x000001c143874800, 0x000001c1435b9000, 0x000001c14599f800,
0x000001c1459a1000, 0x000001c1459a3000, 0x000001c1459a4800, 0x000001c1459a2000,
0x000001c1459a3800, 0x000001c14599f000, 0x000001c1459a5800, 0x000001c14334f000
}

Java Threads: ( => current thread )
  0x000001c141a5d000 JavaThread "Reference Handler" daemon [_thread_blocked, id=12572, stack(0x0000008b8a000000,0x0000008b8a100000)]
  0x000001c141a66800 JavaThread "Finalizer" daemon [_thread_blocked, id=13004, stack(0x0000008b8a100000,0x0000008b8a200000)]
  0x000001c142373800 JavaThread "Signal Dispatcher" daemon [_thread_blocked, id=12628, stack(0x0000008b8a200000,0x0000008b8a300000)]
  0x000001c142374800 JavaThread "Attach Listener" daemon [_thread_blocked, id=15852, stack(0x0000008b8a300000,0x0000008b8a400000)]
  0x000001c141a7c000 JavaThread "Service Thread" daemon [_thread_blocked, id=8252, stack(0x0000008b8a400000,0x0000008b8a500000)]
=>0x000001c141a7e000 JavaThread "C2 CompilerThread0" daemon [_thread_in_native, id=13408, stack(0x0000008b8a500000,0x0000008b8a600000)]
  0x000001c14237f800 JavaThread "C1 CompilerThread0" daemon [_thread_blocked, id=17076, stack(0x0000008b8a600000,0x0000008b8a700000)]
  0x000001c142389000 JavaThread "Sweeper thread" daemon [_thread_blocked, id=7344, stack(0x0000008b8a700000,0x0000008b8a800000)]
  0x000001c141a18000 JavaThread "Common-Cleaner" daemon [_thread_blocked, id=14604, stack(0x0000008b8a800000,0x0000008b8a900000)]
  0x000001c142550800 JavaThread "C2 CompilerThread1" daemon [_thread_blocked, id=8300, stack(0x0000008b8a900000,0x0000008b8aa00000)]
  0x000001c1427df000 JavaThread "Monitor Ctrl-Break" daemon [_thread_in_native, id=3008, stack(0x0000008b8aa00000,0x0000008b8ab00000)]
  0x000001c147d6f800 JavaThread "Catalina-utility-1" [_thread_blocked, id=17208, stack(0x0000008b8b100000,0x0000008b8b200000)]
  0x000001c1475b0000 JavaThread "Catalina-utility-2" [_thread_blocked, id=12620, stack(0x0000008b8b400000,0x0000008b8b500000)]
  0x000001c14671f800 JavaThread "container-0" [_thread_blocked, id=17040, stack(0x0000008b8b500000,0x0000008b8b600000)]
  0x000001c1480b1800 JavaThread "http-nio-8080-exec-1" daemon [_thread_in_Java, id=16408, stack(0x0000008b8b600000,0x0000008b8b700000)]
  0x000001c146833000 JavaThread "http-nio-8080-exec-2" daemon [_thread_blocked, id=10072, stack(0x0000008b8b700000,0x0000008b8b800000)]
  0x000001c1467bb000 JavaThread "http-nio-8080-exec-3" daemon [_thread_blocked, id=10184, stack(0x0000008b8b800000,0x0000008b8b900000)]
  0x000001c143874800 JavaThread "http-nio-8080-exec-4" daemon [_thread_blocked, id=8168, stack(0x0000008b8b900000,0x0000008b8ba00000)]
  0x000001c1435b9000 JavaThread "http-nio-8080-exec-5" daemon [_thread_blocked, id=14068, stack(0x0000008b8ba00000,0x0000008b8bb00000)]
  0x000001c14599f800 JavaThread "http-nio-8080-exec-6" daemon [_thread_blocked, id=13360, stack(0x0000008b8bb00000,0x0000008b8bc00000)]
  0x000001c1459a1000 JavaThread "http-nio-8080-exec-7" daemon [_thread_blocked, id=10428, stack(0x0000008b8bc00000,0x0000008b8bd00000)]
  0x000001c1459a3000 JavaThread "http-nio-8080-exec-8" daemon [_thread_blocked, id=16216, stack(0x0000008b8bd00000,0x0000008b8be00000)]
  0x000001c1459a4800 JavaThread "http-nio-8080-exec-9" daemon [_thread_blocked, id=11892, stack(0x0000008b8be00000,0x0000008b8bf00000)]
  0x000001c1459a2000 JavaThread "http-nio-8080-exec-10" daemon [_thread_blocked, id=16812, stack(0x0000008b8bf00000,0x0000008b8c000000)]
  0x000001c1459a3800 JavaThread "http-nio-8080-Poller" daemon [_thread_in_native, id=2332, stack(0x0000008b8c000000,0x0000008b8c100000)]
  0x000001c14599f000 JavaThread "http-nio-8080-Acceptor" daemon [_thread_in_native, id=17104, stack(0x0000008b8c100000,0x0000008b8c200000)]
  0x000001c1459a5800 JavaThread "DestroyJavaVM" [_thread_blocked, id=9368, stack(0x0000008b89900000,0x0000008b89a00000)]
  0x000001c14334f000 JavaThread "C2 CompilerThread2" daemon [_thread_blocked, id=15752, stack(0x0000008b8b200000,0x0000008b8b300000)]

Other Threads:
  0x000001c141a5b800 VMThread "VM Thread" [stack: 0x0000008b89f00000,0x0000008b8a000000] [id=12100]
  0x000001c1428fa000 WatcherThread [stack: 0x0000008b8ab00000,0x0000008b8ac00000] [id=12380]
  0x000001c11be9f800 GCTaskThread "GC Thread#0" [stack: 0x0000008b89a00000,0x0000008b89b00000] [id=6860]
  0x000001c142a90800 GCTaskThread "GC Thread#1" [stack: 0x0000008b8ac00000,0x0000008b8ad00000] [id=9880]
  0x000001c143142800 GCTaskThread "GC Thread#2" [stack: 0x0000008b8ad00000,0x0000008b8ae00000] [id=6260]
  0x000001c143143800 GCTaskThread "GC Thread#3" [stack: 0x0000008b8ae00000,0x0000008b8af00000] [id=15484]
  0x000001c142c1f000 GCTaskThread "GC Thread#4" [stack: 0x0000008b8af00000,0x0000008b8b000000] [id=12028]
  0x000001c142c20000 GCTaskThread "GC Thread#5" [stack: 0x0000008b8b000000,0x0000008b8b100000] [id=15356]
  0x000001c11befe800 ConcurrentGCThread "G1 Main Marker" [stack: 0x0000008b89b00000,0x0000008b89c00000] [id=13364]
  0x000001c11bf02000 ConcurrentGCThread "G1 Conc#0" [stack: 0x0000008b89c00000,0x0000008b89d00000] [id=2044]
  0x000001c14326c000 ConcurrentGCThread "G1 Conc#1" [stack: 0x0000008b8b300000,0x0000008b8b400000] [id=7548]
  0x000001c14193f800 ConcurrentGCThread "G1 Refine#0" [stack: 0x0000008b89d00000,0x0000008b89e00000] [id=15508]
  0x000001c141940800 ConcurrentGCThread "G1 Young RemSet Sampling" [stack: 0x0000008b89e00000,0x0000008b89f00000] [id=7952]

Threads with active compile tasks:
C2 CompilerThread0    11133 4339   !   4       jdk.internal.loader.BuiltinClassLoader::findClassOnClassPathOrNull (64 bytes)

VM state:not at safepoint (normal execution)

VM Mutex/Monitor currently owned by a thread: None

Heap address: 0x0000000702400000, size: 4060 MB, Compressed Oops mode: Zero based, Oop shift amount: 3
Narrow klass base: 0x0000000800000000, Narrow klass shift: 0
Compressed class space size: 1073741824 Address: 0x0000000800000000

Heap:
 garbage-first heap   total 312320K, used 104156K [0x0000000702400000, 0x0000000800000000)
  region size 1024K, 98 young (100352K), 7 survivors (7168K)
 Metaspace       used 49533K, capacity 50992K, committed 51200K, reserved 1093632K
  class space    used 5977K, capacity 6559K, committed 6656K, reserved 1048576K
Heap Regions: E=young(eden), S=young(survivor), O=old, HS=humongous(starts), HC=humongous(continues), CS=collection set, F=free, A=archive, TAMS=top-at-mark-start (previous, next)
|   0|0x0000000702400000, 0x0000000702500000, 0x0000000702500000|100%| O|  |TAMS 0x0000000702500000, 0x0000000702400000| Untracked 
|   1|0x0000000702500000, 0x0000000702600000, 0x0000000702600000|100%| O|  |TAMS 0x0000000702600000, 0x0000000702500000| Untracked 
|   2|0x0000000702600000, 0x0000000702700000, 0x0000000702700000|100%| O|  |TAMS 0x0000000702700000, 0x0000000702600000| Untracked 
|   3|0x0000000702700000, 0x0000000702800000, 0x0000000702800000|100%| O|  |TAMS 0x0000000702800000, 0x0000000702700000| Untracked 
|   4|0x0000000702800000, 0x00000007028b7000, 0x0000000702900000| 71%| O|  |TAMS 0x00000007028b7000, 0x0000000702800000| Untracked 
|   5|0x0000000702900000, 0x0000000702900000, 0x0000000702a00000|  0%| F|  |TAMS 0x0000000702900000, 0x0000000702900000| Untracked 
|   6|0x0000000702a00000, 0x0000000702a00000, 0x0000000702b00000|  0%| F|  |TAMS 0x0000000702a00000, 0x0000000702a00000| Untracked 
|   7|0x0000000702b00000, 0x0000000702b00000, 0x0000000702c00000|  0%| F|  |TAMS 0x0000000702b00000, 0x0000000702b00000| Untracked 
|   8|0x0000000702c00000, 0x0000000702c00000, 0x0000000702d00000|  0%| F|  |TAMS 0x0000000702c00000, 0x0000000702c00000| Untracked 
|   9|0x0000000702d00000, 0x0000000702d00000, 0x0000000702e00000|  0%| F|  |TAMS 0x0000000702d00000, 0x0000000702d00000| Untracked 
|  10|0x0000000702e00000, 0x0000000702e00000, 0x0000000702f00000|  0%| F|  |TAMS 0x0000000702e00000, 0x0000000702e00000| Untracked 
|  11|0x0000000702f00000, 0x0000000702f00000, 0x0000000703000000|  0%| F|  |TAMS 0x0000000702f00000, 0x0000000702f00000| Untracked 
|  12|0x0000000703000000, 0x0000000703000000, 0x0000000703100000|  0%| F|  |TAMS 0x0000000703000000, 0x0000000703000000| Untracked 
|  13|0x0000000703100000, 0x0000000703100000, 0x0000000703200000|  0%| F|  |TAMS 0x0000000703100000, 0x0000000703100000| Untracked 
|  14|0x0000000703200000, 0x0000000703200000, 0x0000000703300000|  0%| F|  |TAMS 0x0000000703200000, 0x0000000703200000| Untracked 
|  15|0x0000000703300000, 0x0000000703300000, 0x0000000703400000|  0%| F|  |TAMS 0x0000000703300000, 0x0000000703300000| Untracked 
|  16|0x0000000703400000, 0x0000000703400000, 0x0000000703500000|  0%| F|  |TAMS 0x0000000703400000, 0x0000000703400000| Untracked 
|  17|0x0000000703500000, 0x0000000703500000, 0x0000000703600000|  0%| F|  |TAMS 0x0000000703500000, 0x0000000703500000| Untracked 
|  18|0x0000000703600000, 0x0000000703600000, 0x0000000703700000|  0%| F|  |TAMS 0x0000000703600000, 0x0000000703600000| Untracked 
|  19|0x0000000703700000, 0x0000000703700000, 0x0000000703800000|  0%| F|  |TAMS 0x0000000703700000, 0x0000000703700000| Untracked 
|  20|0x0000000703800000, 0x0000000703800000, 0x0000000703900000|  0%| F|  |TAMS 0x0000000703800000, 0x0000000703800000| Untracked 
|  21|0x0000000703900000, 0x0000000703900000, 0x0000000703a00000|  0%| F|  |TAMS 0x0000000703900000, 0x0000000703900000| Untracked 
|  22|0x0000000703a00000, 0x0000000703a00000, 0x0000000703b00000|  0%| F|  |TAMS 0x0000000703a00000, 0x0000000703a00000| Untracked 
|  23|0x0000000703b00000, 0x0000000703b00000, 0x0000000703c00000|  0%| F|  |TAMS 0x0000000703b00000, 0x0000000703b00000| Untracked 
|  24|0x0000000703c00000, 0x0000000703c00000, 0x0000000703d00000|  0%| F|  |TAMS 0x0000000703c00000, 0x0000000703c00000| Untracked 
|  25|0x0000000703d00000, 0x0000000703d00000, 0x0000000703e00000|  0%| F|  |TAMS 0x0000000703d00000, 0x0000000703d00000| Untracked 
|  26|0x0000000703e00000, 0x0000000703e00000, 0x0000000703f00000|  0%| F|  |TAMS 0x0000000703e00000, 0x0000000703e00000| Untracked 
|  27|0x0000000703f00000, 0x0000000703f00000, 0x0000000704000000|  0%| F|  |TAMS 0x0000000703f00000, 0x0000000703f00000| Untracked 
|  28|0x0000000704000000, 0x0000000704000000, 0x0000000704100000|  0%| F|  |TAMS 0x0000000704000000, 0x0000000704000000| Untracked 
|  29|0x0000000704100000, 0x0000000704100000, 0x0000000704200000|  0%| F|  |TAMS 0x0000000704100000, 0x0000000704100000| Untracked 
|  30|0x0000000704200000, 0x0000000704200000, 0x0000000704300000|  0%| F|  |TAMS 0x0000000704200000, 0x0000000704200000| Untracked 
|  31|0x0000000704300000, 0x0000000704300000, 0x0000000704400000|  0%| F|  |TAMS 0x0000000704300000, 0x0000000704300000| Untracked 
|  32|0x0000000704400000, 0x0000000704400000, 0x0000000704500000|  0%| F|  |TAMS 0x0000000704400000, 0x0000000704400000| Untracked 
|  33|0x0000000704500000, 0x0000000704500000, 0x0000000704600000|  0%| F|  |TAMS 0x0000000704500000, 0x0000000704500000| Untracked 
|  34|0x0000000704600000, 0x0000000704600000, 0x0000000704700000|  0%| F|  |TAMS 0x0000000704600000, 0x0000000704600000| Untracked 
|  35|0x0000000704700000, 0x0000000704700000, 0x0000000704800000|  0%| F|  |TAMS 0x0000000704700000, 0x0000000704700000| Untracked 
|  36|0x0000000704800000, 0x0000000704800000, 0x0000000704900000|  0%| F|  |TAMS 0x0000000704800000, 0x0000000704800000| Untracked 
|  37|0x0000000704900000, 0x0000000704900000, 0x0000000704a00000|  0%| F|  |TAMS 0x0000000704900000, 0x0000000704900000| Untracked 
|  38|0x0000000704a00000, 0x0000000704a00000, 0x0000000704b00000|  0%| F|  |TAMS 0x0000000704a00000, 0x0000000704a00000| Untracked 
|  39|0x0000000704b00000, 0x0000000704b00000, 0x0000000704c00000|  0%| F|  |TAMS 0x0000000704b00000, 0x0000000704b00000| Untracked 
|  40|0x0000000704c00000, 0x0000000704c00000, 0x0000000704d00000|  0%| F|  |TAMS 0x0000000704c00000, 0x0000000704c00000| Untracked 
|  41|0x0000000704d00000, 0x0000000704d00000, 0x0000000704e00000|  0%| F|  |TAMS 0x0000000704d00000, 0x0000000704d00000| Untracked 
|  42|0x0000000704e00000, 0x0000000704e00000, 0x0000000704f00000|  0%| F|  |TAMS 0x0000000704e00000, 0x0000000704e00000| Untracked 
|  43|0x0000000704f00000, 0x0000000704f00000, 0x0000000705000000|  0%| F|  |TAMS 0x0000000704f00000, 0x0000000704f00000| Untracked 
|  44|0x0000000705000000, 0x0000000705000000, 0x0000000705100000|  0%| F|  |TAMS 0x0000000705000000, 0x0000000705000000| Untracked 
|  45|0x0000000705100000, 0x0000000705100000, 0x0000000705200000|  0%| F|  |TAMS 0x0000000705100000, 0x0000000705100000| Untracked 
|  46|0x0000000705200000, 0x0000000705200000, 0x0000000705300000|  0%| F|  |TAMS 0x0000000705200000, 0x0000000705200000| Untracked 
|  47|0x0000000705300000, 0x0000000705300000, 0x0000000705400000|  0%| F|  |TAMS 0x0000000705300000, 0x0000000705300000| Untracked 
|  48|0x0000000705400000, 0x0000000705400000, 0x0000000705500000|  0%| F|  |TAMS 0x0000000705400000, 0x0000000705400000| Untracked 
|  49|0x0000000705500000, 0x0000000705500000, 0x0000000705600000|  0%| F|  |TAMS 0x0000000705500000, 0x0000000705500000| Untracked 
|  50|0x0000000705600000, 0x0000000705600000, 0x0000000705700000|  0%| F|  |TAMS 0x0000000705600000, 0x0000000705600000| Untracked 
|  51|0x0000000705700000, 0x0000000705700000, 0x0000000705800000|  0%| F|  |TAMS 0x0000000705700000, 0x0000000705700000| Untracked 
|  52|0x0000000705800000, 0x0000000705800000, 0x0000000705900000|  0%| F|  |TAMS 0x0000000705800000, 0x0000000705800000| Untracked 
|  53|0x0000000705900000, 0x0000000705900000, 0x0000000705a00000|  0%| F|  |TAMS 0x0000000705900000, 0x0000000705900000| Untracked 
|  54|0x0000000705a00000, 0x0000000705a00000, 0x0000000705b00000|  0%| F|  |TAMS 0x0000000705a00000, 0x0000000705a00000| Untracked 
|  55|0x0000000705b00000, 0x0000000705b00000, 0x0000000705c00000|  0%| F|  |TAMS 0x0000000705b00000, 0x0000000705b00000| Untracked 
|  56|0x0000000705c00000, 0x0000000705c00000, 0x0000000705d00000|  0%| F|  |TAMS 0x0000000705c00000, 0x0000000705c00000| Untracked 
|  57|0x0000000705d00000, 0x0000000705d00000, 0x0000000705e00000|  0%| F|  |TAMS 0x0000000705d00000, 0x0000000705d00000| Untracked 
|  58|0x0000000705e00000, 0x0000000705e00000, 0x0000000705f00000|  0%| F|  |TAMS 0x0000000705e00000, 0x0000000705e00000| Untracked 
|  59|0x0000000705f00000, 0x0000000705f00000, 0x0000000706000000|  0%| F|  |TAMS 0x0000000705f00000, 0x0000000705f00000| Untracked 
|  60|0x0000000706000000, 0x0000000706000000, 0x0000000706100000|  0%| F|  |TAMS 0x0000000706000000, 0x0000000706000000| Untracked 
|  61|0x0000000706100000, 0x0000000706100000, 0x0000000706200000|  0%| F|  |TAMS 0x0000000706100000, 0x0000000706100000| Untracked 
|  62|0x0000000706200000, 0x0000000706200000, 0x0000000706300000|  0%| F|  |TAMS 0x0000000706200000, 0x0000000706200000| Untracked 
|  63|0x0000000706300000, 0x0000000706300000, 0x0000000706400000|  0%| F|  |TAMS 0x0000000706300000, 0x0000000706300000| Untracked 
|  64|0x0000000706400000, 0x0000000706400000, 0x0000000706500000|  0%| F|  |TAMS 0x0000000706400000, 0x0000000706400000| Untracked 
|  65|0x0000000706500000, 0x0000000706500000, 0x0000000706600000|  0%| F|  |TAMS 0x0000000706500000, 0x0000000706500000| Untracked 
|  66|0x0000000706600000, 0x0000000706600000, 0x0000000706700000|  0%| F|  |TAMS 0x0000000706600000, 0x0000000706600000| Untracked 
|  67|0x0000000706700000, 0x0000000706700000, 0x0000000706800000|  0%| F|  |TAMS 0x0000000706700000, 0x0000000706700000| Untracked 
|  68|0x0000000706800000, 0x0000000706800000, 0x0000000706900000|  0%| F|  |TAMS 0x0000000706800000, 0x0000000706800000| Untracked 
|  69|0x0000000706900000, 0x0000000706900000, 0x0000000706a00000|  0%| F|  |TAMS 0x0000000706900000, 0x0000000706900000| Untracked 
|  70|0x0000000706a00000, 0x0000000706a00000, 0x0000000706b00000|  0%| F|  |TAMS 0x0000000706a00000, 0x0000000706a00000| Untracked 
|  71|0x0000000706b00000, 0x0000000706b00000, 0x0000000706c00000|  0%| F|  |TAMS 0x0000000706b00000, 0x0000000706b00000| Untracked 
|  72|0x0000000706c00000, 0x0000000706c00000, 0x0000000706d00000|  0%| F|  |TAMS 0x0000000706c00000, 0x0000000706c00000| Untracked 
|  73|0x0000000706d00000, 0x0000000706d00000, 0x0000000706e00000|  0%| F|  |TAMS 0x0000000706d00000, 0x0000000706d00000| Untracked 
|  74|0x0000000706e00000, 0x0000000706e00000, 0x0000000706f00000|  0%| F|  |TAMS 0x0000000706e00000, 0x0000000706e00000| Untracked 
|  75|0x0000000706f00000, 0x0000000706f00000, 0x0000000707000000|  0%| F|  |TAMS 0x0000000706f00000, 0x0000000706f00000| Untracked 
|  76|0x0000000707000000, 0x0000000707000000, 0x0000000707100000|  0%| F|  |TAMS 0x0000000707000000, 0x0000000707000000| Untracked 
|  77|0x0000000707100000, 0x0000000707100000, 0x0000000707200000|  0%| F|  |TAMS 0x0000000707100000, 0x0000000707100000| Untracked 
|  78|0x0000000707200000, 0x0000000707200000, 0x0000000707300000|  0%| F|  |TAMS 0x0000000707200000, 0x0000000707200000| Untracked 
|  79|0x0000000707300000, 0x0000000707300000, 0x0000000707400000|  0%| F|  |TAMS 0x0000000707300000, 0x0000000707300000| Untracked 
|  80|0x0000000707400000, 0x0000000707400000, 0x0000000707500000|  0%| F|  |TAMS 0x0000000707400000, 0x0000000707400000| Untracked 
|  81|0x0000000707500000, 0x0000000707500000, 0x0000000707600000|  0%| F|  |TAMS 0x0000000707500000, 0x0000000707500000| Untracked 
|  82|0x0000000707600000, 0x0000000707600000, 0x0000000707700000|  0%| F|  |TAMS 0x0000000707600000, 0x0000000707600000| Untracked 
|  83|0x0000000707700000, 0x0000000707700000, 0x0000000707800000|  0%| F|  |TAMS 0x0000000707700000, 0x0000000707700000| Untracked 
|  84|0x0000000707800000, 0x0000000707800000, 0x0000000707900000|  0%| F|  |TAMS 0x0000000707800000, 0x0000000707800000| Untracked 
|  85|0x0000000707900000, 0x0000000707900000, 0x0000000707a00000|  0%| F|  |TAMS 0x0000000707900000, 0x0000000707900000| Untracked 
|  86|0x0000000707a00000, 0x0000000707a00000, 0x0000000707b00000|  0%| F|  |TAMS 0x0000000707a00000, 0x0000000707a00000| Untracked 
|  87|0x0000000707b00000, 0x0000000707b00000, 0x0000000707c00000|  0%| F|  |TAMS 0x0000000707b00000, 0x0000000707b00000| Untracked 
|  88|0x0000000707c00000, 0x0000000707c00000, 0x0000000707d00000|  0%| F|  |TAMS 0x0000000707c00000, 0x0000000707c00000| Untracked 
|  89|0x0000000707d00000, 0x0000000707d00000, 0x0000000707e00000|  0%| F|  |TAMS 0x0000000707d00000, 0x0000000707d00000| Untracked 
|  90|0x0000000707e00000, 0x0000000707e00000, 0x0000000707f00000|  0%| F|  |TAMS 0x0000000707e00000, 0x0000000707e00000| Untracked 
|  91|0x0000000707f00000, 0x0000000707f00000, 0x0000000708000000|  0%| F|  |TAMS 0x0000000707f00000, 0x0000000707f00000| Untracked 
|  92|0x0000000708000000, 0x0000000708000000, 0x0000000708100000|  0%| F|  |TAMS 0x0000000708000000, 0x0000000708000000| Untracked 
|  93|0x0000000708100000, 0x0000000708100000, 0x0000000708200000|  0%| F|  |TAMS 0x0000000708100000, 0x0000000708100000| Untracked 
|  94|0x0000000708200000, 0x0000000708200000, 0x0000000708300000|  0%| F|  |TAMS 0x0000000708200000, 0x0000000708200000| Untracked 
|  95|0x0000000708300000, 0x0000000708300000, 0x0000000708400000|  0%| F|  |TAMS 0x0000000708300000, 0x0000000708300000| Untracked 
|  96|0x0000000708400000, 0x0000000708400000, 0x0000000708500000|  0%| F|  |TAMS 0x0000000708400000, 0x0000000708400000| Untracked 
|  97|0x0000000708500000, 0x0000000708500000, 0x0000000708600000|  0%| F|  |TAMS 0x0000000708500000, 0x0000000708500000| Untracked 
|  98|0x0000000708600000, 0x0000000708600000, 0x0000000708700000|  0%| F|  |TAMS 0x0000000708600000, 0x0000000708600000| Untracked 
|  99|0x0000000708700000, 0x0000000708700000, 0x0000000708800000|  0%| F|  |TAMS 0x0000000708700000, 0x0000000708700000| Untracked 
| 100|0x0000000708800000, 0x0000000708800000, 0x0000000708900000|  0%| F|  |TAMS 0x0000000708800000, 0x0000000708800000| Untracked 
| 101|0x0000000708900000, 0x0000000708900000, 0x0000000708a00000|  0%| F|  |TAMS 0x0000000708900000, 0x0000000708900000| Untracked 
| 102|0x0000000708a00000, 0x0000000708a00000, 0x0000000708b00000|  0%| F|  |TAMS 0x0000000708a00000, 0x0000000708a00000| Untracked 
| 103|0x0000000708b00000, 0x0000000708b00000, 0x0000000708c00000|  0%| F|  |TAMS 0x0000000708b00000, 0x0000000708b00000| Untracked 
| 104|0x0000000708c00000, 0x0000000708c00000, 0x0000000708d00000|  0%| F|  |TAMS 0x0000000708c00000, 0x0000000708c00000| Untracked 
| 105|0x0000000708d00000, 0x0000000708d00000, 0x0000000708e00000|  0%| F|  |TAMS 0x0000000708d00000, 0x0000000708d00000| Untracked 
| 106|0x0000000708e00000, 0x0000000708e00000, 0x0000000708f00000|  0%| F|  |TAMS 0x0000000708e00000, 0x0000000708e00000| Untracked 
| 107|0x0000000708f00000, 0x0000000708f00000, 0x0000000709000000|  0%| F|  |TAMS 0x0000000708f00000, 0x0000000708f00000| Untracked 
| 108|0x0000000709000000, 0x0000000709000000, 0x0000000709100000|  0%| F|  |TAMS 0x0000000709000000, 0x0000000709000000| Untracked 
| 109|0x0000000709100000, 0x0000000709100000, 0x0000000709200000|  0%| F|  |TAMS 0x0000000709100000, 0x0000000709100000| Untracked 
| 110|0x0000000709200000, 0x0000000709200000, 0x0000000709300000|  0%| F|  |TAMS 0x0000000709200000, 0x0000000709200000| Untracked 
| 111|0x0000000709300000, 0x0000000709300000, 0x0000000709400000|  0%| F|  |TAMS 0x0000000709300000, 0x0000000709300000| Untracked 
| 112|0x0000000709400000, 0x0000000709400000, 0x0000000709500000|  0%| F|  |TAMS 0x0000000709400000, 0x0000000709400000| Untracked 
| 113|0x0000000709500000, 0x0000000709500000, 0x0000000709600000|  0%| F|  |TAMS 0x0000000709500000, 0x0000000709500000| Untracked 
| 114|0x0000000709600000, 0x0000000709600000, 0x0000000709700000|  0%| F|  |TAMS 0x0000000709600000, 0x0000000709600000| Untracked 
| 115|0x0000000709700000, 0x0000000709700000, 0x0000000709800000|  0%| F|  |TAMS 0x0000000709700000, 0x0000000709700000| Untracked 
| 116|0x0000000709800000, 0x0000000709800000, 0x0000000709900000|  0%| F|  |TAMS 0x0000000709800000, 0x0000000709800000| Untracked 
| 117|0x0000000709900000, 0x0000000709900000, 0x0000000709a00000|  0%| F|  |TAMS 0x0000000709900000, 0x0000000709900000| Untracked 
| 118|0x0000000709a00000, 0x0000000709a00000, 0x0000000709b00000|  0%| F|  |TAMS 0x0000000709a00000, 0x0000000709a00000| Untracked 
| 119|0x0000000709b00000, 0x0000000709b00000, 0x0000000709c00000|  0%| F|  |TAMS 0x0000000709b00000, 0x0000000709b00000| Untracked 
| 120|0x0000000709c00000, 0x0000000709c00000, 0x0000000709d00000|  0%| F|  |TAMS 0x0000000709c00000, 0x0000000709c00000| Untracked 
| 121|0x0000000709d00000, 0x0000000709d00000, 0x0000000709e00000|  0%| F|  |TAMS 0x0000000709d00000, 0x0000000709d00000| Untracked 
| 122|0x0000000709e00000, 0x0000000709e00000, 0x0000000709f00000|  0%| F|  |TAMS 0x0000000709e00000, 0x0000000709e00000| Untracked 
| 123|0x0000000709f00000, 0x0000000709f00000, 0x000000070a000000|  0%| F|  |TAMS 0x0000000709f00000, 0x0000000709f00000| Untracked 
| 124|0x000000070a000000, 0x000000070a000000, 0x000000070a100000|  0%| F|  |TAMS 0x000000070a000000, 0x000000070a000000| Untracked 
| 125|0x000000070a100000, 0x000000070a100000, 0x000000070a200000|  0%| F|  |TAMS 0x000000070a100000, 0x000000070a100000| Untracked 
| 126|0x000000070a200000, 0x000000070a200000, 0x000000070a300000|  0%| F|  |TAMS 0x000000070a200000, 0x000000070a200000| Untracked 
| 127|0x000000070a300000, 0x000000070a300000, 0x000000070a400000|  0%| F|  |TAMS 0x000000070a300000, 0x000000070a300000| Untracked 
| 128|0x000000070a400000, 0x000000070a400000, 0x000000070a500000|  0%| F|  |TAMS 0x000000070a400000, 0x000000070a400000| Untracked 
| 129|0x000000070a500000, 0x000000070a500000, 0x000000070a600000|  0%| F|  |TAMS 0x000000070a500000, 0x000000070a500000| Untracked 
| 130|0x000000070a600000, 0x000000070a600000, 0x000000070a700000|  0%| F|  |TAMS 0x000000070a600000, 0x000000070a600000| Untracked 
| 131|0x000000070a700000, 0x000000070a700000, 0x000000070a800000|  0%| F|  |TAMS 0x000000070a700000, 0x000000070a700000| Untracked 
| 132|0x000000070a800000, 0x000000070a800000, 0x000000070a900000|  0%| F|  |TAMS 0x000000070a800000, 0x000000070a800000| Untracked 
| 133|0x000000070a900000, 0x000000070a900000, 0x000000070aa00000|  0%| F|  |TAMS 0x000000070a900000, 0x000000070a900000| Untracked 
| 134|0x000000070aa00000, 0x000000070aa00000, 0x000000070ab00000|  0%| F|  |TAMS 0x000000070aa00000, 0x000000070aa00000| Untracked 
| 135|0x000000070ab00000, 0x000000070ab00000, 0x000000070ac00000|  0%| F|  |TAMS 0x000000070ab00000, 0x000000070ab00000| Untracked 
| 136|0x000000070ac00000, 0x000000070ac00000, 0x000000070ad00000|  0%| F|  |TAMS 0x000000070ac00000, 0x000000070ac00000| Untracked 
| 137|0x000000070ad00000, 0x000000070ad00000, 0x000000070ae00000|  0%| F|  |TAMS 0x000000070ad00000, 0x000000070ad00000| Untracked 
| 138|0x000000070ae00000, 0x000000070ae00000, 0x000000070af00000|  0%| F|  |TAMS 0x000000070ae00000, 0x000000070ae00000| Untracked 
| 139|0x000000070af00000, 0x000000070af00000, 0x000000070b000000|  0%| F|  |TAMS 0x000000070af00000, 0x000000070af00000| Untracked 
| 140|0x000000070b000000, 0x000000070b000000, 0x000000070b100000|  0%| F|  |TAMS 0x000000070b000000, 0x000000070b000000| Untracked 
| 141|0x000000070b100000, 0x000000070b100000, 0x000000070b200000|  0%| F|  |TAMS 0x000000070b100000, 0x000000070b100000| Untracked 
| 142|0x000000070b200000, 0x000000070b200000, 0x000000070b300000|  0%| F|  |TAMS 0x000000070b200000, 0x000000070b200000| Untracked 
| 143|0x000000070b300000, 0x000000070b300000, 0x000000070b400000|  0%| F|  |TAMS 0x000000070b300000, 0x000000070b300000| Untracked 
| 144|0x000000070b400000, 0x000000070b400000, 0x000000070b500000|  0%| F|  |TAMS 0x000000070b400000, 0x000000070b400000| Untracked 
| 145|0x000000070b500000, 0x000000070b500000, 0x000000070b600000|  0%| F|  |TAMS 0x000000070b500000, 0x000000070b500000| Untracked 
| 146|0x000000070b600000, 0x000000070b600000, 0x000000070b700000|  0%| F|  |TAMS 0x000000070b600000, 0x000000070b600000| Untracked 
| 147|0x000000070b700000, 0x000000070b700000, 0x000000070b800000|  0%| F|  |TAMS 0x000000070b700000, 0x000000070b700000| Untracked 
| 148|0x000000070b800000, 0x000000070b800000, 0x000000070b900000|  0%| F|  |TAMS 0x000000070b800000, 0x000000070b800000| Untracked 
| 149|0x000000070b900000, 0x000000070b900000, 0x000000070ba00000|  0%| F|  |TAMS 0x000000070b900000, 0x000000070b900000| Untracked 
| 150|0x000000070ba00000, 0x000000070ba00000, 0x000000070bb00000|  0%| F|  |TAMS 0x000000070ba00000, 0x000000070ba00000| Untracked 
| 151|0x000000070bb00000, 0x000000070bb00000, 0x000000070bc00000|  0%| F|  |TAMS 0x000000070bb00000, 0x000000070bb00000| Untracked 
| 152|0x000000070bc00000, 0x000000070bc00000, 0x000000070bd00000|  0%| F|  |TAMS 0x000000070bc00000, 0x000000070bc00000| Untracked 
| 153|0x000000070bd00000, 0x000000070bd00000, 0x000000070be00000|  0%| F|  |TAMS 0x000000070bd00000, 0x000000070bd00000| Untracked 
| 154|0x000000070be00000, 0x000000070be00000, 0x000000070bf00000|  0%| F|  |TAMS 0x000000070be00000, 0x000000070be00000| Untracked 
| 155|0x000000070bf00000, 0x000000070bf00000, 0x000000070c000000|  0%| F|  |TAMS 0x000000070bf00000, 0x000000070bf00000| Untracked 
| 156|0x000000070c000000, 0x000000070c000000, 0x000000070c100000|  0%| F|  |TAMS 0x000000070c000000, 0x000000070c000000| Untracked 
| 157|0x000000070c100000, 0x000000070c100000, 0x000000070c200000|  0%| F|  |TAMS 0x000000070c100000, 0x000000070c100000| Untracked 
| 158|0x000000070c200000, 0x000000070c200000, 0x000000070c300000|  0%| F|  |TAMS 0x000000070c200000, 0x000000070c200000| Untracked 
| 159|0x000000070c300000, 0x000000070c300000, 0x000000070c400000|  0%| F|  |TAMS 0x000000070c300000, 0x000000070c300000| Untracked 
| 160|0x000000070c400000, 0x000000070c400000, 0x000000070c500000|  0%| F|  |TAMS 0x000000070c400000, 0x000000070c400000| Untracked 
| 161|0x000000070c500000, 0x000000070c500000, 0x000000070c600000|  0%| F|  |TAMS 0x000000070c500000, 0x000000070c500000| Untracked 
| 162|0x000000070c600000, 0x000000070c600000, 0x000000070c700000|  0%| F|  |TAMS 0x000000070c600000, 0x000000070c600000| Untracked 
| 163|0x000000070c700000, 0x000000070c700000, 0x000000070c800000|  0%| F|  |TAMS 0x000000070c700000, 0x000000070c700000| Untracked 
| 164|0x000000070c800000, 0x000000070c800000, 0x000000070c900000|  0%| F|  |TAMS 0x000000070c800000, 0x000000070c800000| Untracked 
| 165|0x000000070c900000, 0x000000070c900000, 0x000000070ca00000|  0%| F|  |TAMS 0x000000070c900000, 0x000000070c900000| Untracked 
| 166|0x000000070ca00000, 0x000000070ca00000, 0x000000070cb00000|  0%| F|  |TAMS 0x000000070ca00000, 0x000000070ca00000| Untracked 
| 167|0x000000070cb00000, 0x000000070cb00000, 0x000000070cc00000|  0%| F|  |TAMS 0x000000070cb00000, 0x000000070cb00000| Untracked 
| 168|0x000000070cc00000, 0x000000070cc00000, 0x000000070cd00000|  0%| F|  |TAMS 0x000000070cc00000, 0x000000070cc00000| Untracked 
| 169|0x000000070cd00000, 0x000000070cd00000, 0x000000070ce00000|  0%| F|  |TAMS 0x000000070cd00000, 0x000000070cd00000| Untracked 
| 170|0x000000070ce00000, 0x000000070ce00000, 0x000000070cf00000|  0%| F|  |TAMS 0x000000070ce00000, 0x000000070ce00000| Untracked 
| 171|0x000000070cf00000, 0x000000070cf00000, 0x000000070d000000|  0%| F|  |TAMS 0x000000070cf00000, 0x000000070cf00000| Untracked 
| 172|0x000000070d000000, 0x000000070d000000, 0x000000070d100000|  0%| F|  |TAMS 0x000000070d000000, 0x000000070d000000| Untracked 
| 173|0x000000070d100000, 0x000000070d100000, 0x000000070d200000|  0%| F|  |TAMS 0x000000070d100000, 0x000000070d100000| Untracked 
| 174|0x000000070d200000, 0x000000070d200000, 0x000000070d300000|  0%| F|  |TAMS 0x000000070d200000, 0x000000070d200000| Untracked 
| 175|0x000000070d300000, 0x000000070d300000, 0x000000070d400000|  0%| F|  |TAMS 0x000000070d300000, 0x000000070d300000| Untracked 
| 176|0x000000070d400000, 0x000000070d400000, 0x000000070d500000|  0%| F|  |TAMS 0x000000070d400000, 0x000000070d400000| Untracked 
| 177|0x000000070d500000, 0x000000070d500000, 0x000000070d600000|  0%| F|  |TAMS 0x000000070d500000, 0x000000070d500000| Untracked 
| 178|0x000000070d600000, 0x000000070d600000, 0x000000070d700000|  0%| F|  |TAMS 0x000000070d600000, 0x000000070d600000| Untracked 
| 179|0x000000070d700000, 0x000000070d700000, 0x000000070d800000|  0%| F|  |TAMS 0x000000070d700000, 0x000000070d700000| Untracked 
| 180|0x000000070d800000, 0x000000070d800000, 0x000000070d900000|  0%| F|  |TAMS 0x000000070d800000, 0x000000070d800000| Untracked 
| 181|0x000000070d900000, 0x000000070d900000, 0x000000070da00000|  0%| F|  |TAMS 0x000000070d900000, 0x000000070d900000| Untracked 
| 182|0x000000070da00000, 0x000000070da00000, 0x000000070db00000|  0%| F|  |TAMS 0x000000070da00000, 0x000000070da00000| Untracked 
| 183|0x000000070db00000, 0x000000070db00000, 0x000000070dc00000|  0%| F|  |TAMS 0x000000070db00000, 0x000000070db00000| Untracked 
| 184|0x000000070dc00000, 0x000000070dc00000, 0x000000070dd00000|  0%| F|  |TAMS 0x000000070dc00000, 0x000000070dc00000| Untracked 
| 185|0x000000070dd00000, 0x000000070dd00000, 0x000000070de00000|  0%| F|  |TAMS 0x000000070dd00000, 0x000000070dd00000| Untracked 
| 186|0x000000070de00000, 0x000000070de00000, 0x000000070df00000|  0%| F|  |TAMS 0x000000070de00000, 0x000000070de00000| Untracked 
| 187|0x000000070df00000, 0x000000070df00000, 0x000000070e000000|  0%| F|  |TAMS 0x000000070df00000, 0x000000070df00000| Untracked 
| 188|0x000000070e000000, 0x000000070e000000, 0x000000070e100000|  0%| F|  |TAMS 0x000000070e000000, 0x000000070e000000| Untracked 
| 189|0x000000070e100000, 0x000000070e100000, 0x000000070e200000|  0%| F|  |TAMS 0x000000070e100000, 0x000000070e100000| Untracked 
| 190|0x000000070e200000, 0x000000070e200000, 0x000000070e300000|  0%| F|  |TAMS 0x000000070e200000, 0x000000070e200000| Untracked 
| 191|0x000000070e300000, 0x000000070e300000, 0x000000070e400000|  0%| F|  |TAMS 0x000000070e300000, 0x000000070e300000| Untracked 
| 192|0x000000070e400000, 0x000000070e400000, 0x000000070e500000|  0%| F|  |TAMS 0x000000070e400000, 0x000000070e400000| Untracked 
| 193|0x000000070e500000, 0x000000070e500000, 0x000000070e600000|  0%| F|  |TAMS 0x000000070e500000, 0x000000070e500000| Untracked 
| 194|0x000000070e600000, 0x000000070e600000, 0x000000070e700000|  0%| F|  |TAMS 0x000000070e600000, 0x000000070e600000| Untracked 
| 195|0x000000070e700000, 0x000000070e700000, 0x000000070e800000|  0%| F|  |TAMS 0x000000070e700000, 0x000000070e700000| Untracked 
| 196|0x000000070e800000, 0x000000070e800000, 0x000000070e900000|  0%| F|  |TAMS 0x000000070e800000, 0x000000070e800000| Untracked 
| 197|0x000000070e900000, 0x000000070e900000, 0x000000070ea00000|  0%| F|  |TAMS 0x000000070e900000, 0x000000070e900000| Untracked 
| 198|0x000000070ea00000, 0x000000070ea00000, 0x000000070eb00000|  0%| F|  |TAMS 0x000000070ea00000, 0x000000070ea00000| Untracked 
| 199|0x000000070eb00000, 0x000000070eb00000, 0x000000070ec00000|  0%| F|  |TAMS 0x000000070eb00000, 0x000000070eb00000| Untracked 
| 200|0x000000070ec00000, 0x000000070ec00000, 0x000000070ed00000|  0%| F|  |TAMS 0x000000070ec00000, 0x000000070ec00000| Untracked 
| 201|0x000000070ed00000, 0x000000070ed00000, 0x000000070ee00000|  0%| F|  |TAMS 0x000000070ed00000, 0x000000070ed00000| Untracked 
| 202|0x000000070ee00000, 0x000000070ee00000, 0x000000070ef00000|  0%| F|  |TAMS 0x000000070ee00000, 0x000000070ee00000| Untracked 
| 203|0x000000070ef00000, 0x000000070ef00000, 0x000000070f000000|  0%| F|  |TAMS 0x000000070ef00000, 0x000000070ef00000| Untracked 
| 204|0x000000070f000000, 0x000000070f000000, 0x000000070f100000|  0%| F|  |TAMS 0x000000070f000000, 0x000000070f000000| Untracked 
| 205|0x000000070f100000, 0x000000070f100000, 0x000000070f200000|  0%| F|  |TAMS 0x000000070f100000, 0x000000070f100000| Untracked 
| 206|0x000000070f200000, 0x000000070f200000, 0x000000070f300000|  0%| F|  |TAMS 0x000000070f200000, 0x000000070f200000| Untracked 
| 207|0x000000070f300000, 0x000000070f400000, 0x000000070f400000|100%| E|  |TAMS 0x000000070f300000, 0x000000070f300000| Complete 
| 208|0x000000070f400000, 0x000000070f500000, 0x000000070f500000|100%| E|CS|TAMS 0x000000070f400000, 0x000000070f400000| Complete 
| 209|0x000000070f500000, 0x000000070f600000, 0x000000070f600000|100%| E|CS|TAMS 0x000000070f500000, 0x000000070f500000| Complete 
| 210|0x000000070f600000, 0x000000070f700000, 0x000000070f700000|100%| E|CS|TAMS 0x000000070f600000, 0x000000070f600000| Complete 
| 211|0x000000070f700000, 0x000000070f800000, 0x000000070f800000|100%| E|CS|TAMS 0x000000070f700000, 0x000000070f700000| Complete 
| 212|0x000000070f800000, 0x000000070f900000, 0x000000070f900000|100%| E|CS|TAMS 0x000000070f800000, 0x000000070f800000| Complete 
| 213|0x000000070f900000, 0x000000070fa00000, 0x000000070fa00000|100%| E|CS|TAMS 0x000000070f900000, 0x000000070f900000| Complete 
| 214|0x000000070fa00000, 0x000000070fb00000, 0x000000070fb00000|100%| E|CS|TAMS 0x000000070fa00000, 0x000000070fa00000| Complete 
| 215|0x000000070fb00000, 0x000000070fc00000, 0x000000070fc00000|100%| E|CS|TAMS 0x000000070fb00000, 0x000000070fb00000| Complete 
| 216|0x000000070fc00000, 0x000000070fd00000, 0x000000070fd00000|100%| E|CS|TAMS 0x000000070fc00000, 0x000000070fc00000| Complete 
| 217|0x000000070fd00000, 0x000000070fe00000, 0x000000070fe00000|100%| E|CS|TAMS 0x000000070fd00000, 0x000000070fd00000| Complete 
| 218|0x000000070fe00000, 0x000000070ff00000, 0x000000070ff00000|100%| E|CS|TAMS 0x000000070fe00000, 0x000000070fe00000| Complete 
| 219|0x000000070ff00000, 0x0000000710000000, 0x0000000710000000|100%| E|CS|TAMS 0x000000070ff00000, 0x000000070ff00000| Complete 
| 220|0x0000000710000000, 0x0000000710100000, 0x0000000710100000|100%| E|CS|TAMS 0x0000000710000000, 0x0000000710000000| Complete 
| 221|0x0000000710100000, 0x0000000710200000, 0x0000000710200000|100%| E|CS|TAMS 0x0000000710100000, 0x0000000710100000| Complete 
| 222|0x0000000710200000, 0x0000000710300000, 0x0000000710300000|100%| E|CS|TAMS 0x0000000710200000, 0x0000000710200000| Complete 
| 223|0x0000000710300000, 0x0000000710400000, 0x0000000710400000|100%| E|CS|TAMS 0x0000000710300000, 0x0000000710300000| Complete 
| 224|0x0000000710400000, 0x0000000710500000, 0x0000000710500000|100%| E|CS|TAMS 0x0000000710400000, 0x0000000710400000| Complete 
| 225|0x0000000710500000, 0x0000000710600000, 0x0000000710600000|100%| E|CS|TAMS 0x0000000710500000, 0x0000000710500000| Complete 
| 226|0x0000000710600000, 0x0000000710700000, 0x0000000710700000|100%| E|CS|TAMS 0x0000000710600000, 0x0000000710600000| Complete 
| 227|0x0000000710700000, 0x0000000710800000, 0x0000000710800000|100%| E|CS|TAMS 0x0000000710700000, 0x0000000710700000| Complete 
| 228|0x0000000710800000, 0x0000000710900000, 0x0000000710900000|100%| E|CS|TAMS 0x0000000710800000, 0x0000000710800000| Complete 
| 229|0x0000000710900000, 0x0000000710a00000, 0x0000000710a00000|100%| E|CS|TAMS 0x0000000710900000, 0x0000000710900000| Complete 
| 230|0x0000000710a00000, 0x0000000710b00000, 0x0000000710b00000|100%| E|CS|TAMS 0x0000000710a00000, 0x0000000710a00000| Complete 
| 231|0x0000000710b00000, 0x0000000710c00000, 0x0000000710c00000|100%| E|CS|TAMS 0x0000000710b00000, 0x0000000710b00000| Complete 
| 232|0x0000000710c00000, 0x0000000710d00000, 0x0000000710d00000|100%| E|CS|TAMS 0x0000000710c00000, 0x0000000710c00000| Complete 
| 233|0x0000000710d00000, 0x0000000710e00000, 0x0000000710e00000|100%| E|CS|TAMS 0x0000000710d00000, 0x0000000710d00000| Complete 
| 234|0x0000000710e00000, 0x0000000710f00000, 0x0000000710f00000|100%| E|CS|TAMS 0x0000000710e00000, 0x0000000710e00000| Complete 
| 235|0x0000000710f00000, 0x0000000711000000, 0x0000000711000000|100%| E|CS|TAMS 0x0000000710f00000, 0x0000000710f00000| Complete 
| 236|0x0000000711000000, 0x0000000711100000, 0x0000000711100000|100%| E|CS|TAMS 0x0000000711000000, 0x0000000711000000| Complete 
| 237|0x0000000711100000, 0x0000000711200000, 0x0000000711200000|100%| E|CS|TAMS 0x0000000711100000, 0x0000000711100000| Complete 
| 238|0x0000000711200000, 0x0000000711300000, 0x0000000711300000|100%| E|CS|TAMS 0x0000000711200000, 0x0000000711200000| Complete 
| 239|0x0000000711300000, 0x0000000711400000, 0x0000000711400000|100%| E|CS|TAMS 0x0000000711300000, 0x0000000711300000| Complete 
| 240|0x0000000711400000, 0x0000000711500000, 0x0000000711500000|100%| S|CS|TAMS 0x0000000711400000, 0x0000000711400000| Complete 
| 241|0x0000000711500000, 0x0000000711600000, 0x0000000711600000|100%| S|CS|TAMS 0x0000000711500000, 0x0000000711500000| Complete 
| 242|0x0000000711600000, 0x0000000711700000, 0x0000000711700000|100%| S|CS|TAMS 0x0000000711600000, 0x0000000711600000| Complete 
| 243|0x0000000711700000, 0x0000000711800000, 0x0000000711800000|100%| S|CS|TAMS 0x0000000711700000, 0x0000000711700000| Complete 
| 244|0x0000000711800000, 0x0000000711900000, 0x0000000711900000|100%| S|CS|TAMS 0x0000000711800000, 0x0000000711800000| Complete 
| 245|0x0000000711900000, 0x0000000711a00000, 0x0000000711a00000|100%| S|CS|TAMS 0x0000000711900000, 0x0000000711900000| Complete 
| 246|0x0000000711a00000, 0x0000000711b00000, 0x0000000711b00000|100%| S|CS|TAMS 0x0000000711a00000, 0x0000000711a00000| Complete 
| 247|0x0000000711b00000, 0x0000000711c00000, 0x0000000711c00000|100%| E|CS|TAMS 0x0000000711b00000, 0x0000000711b00000| Complete 
| 248|0x0000000711c00000, 0x0000000711d00000, 0x0000000711d00000|100%| E|CS|TAMS 0x0000000711c00000, 0x0000000711c00000| Complete 
| 249|0x0000000711d00000, 0x0000000711e00000, 0x0000000711e00000|100%| E|CS|TAMS 0x0000000711d00000, 0x0000000711d00000| Complete 
| 250|0x0000000711e00000, 0x0000000711f00000, 0x0000000711f00000|100%| E|CS|TAMS 0x0000000711e00000, 0x0000000711e00000| Complete 
| 251|0x0000000711f00000, 0x0000000712000000, 0x0000000712000000|100%| E|CS|TAMS 0x0000000711f00000, 0x0000000711f00000| Complete 
| 252|0x0000000712000000, 0x0000000712100000, 0x0000000712100000|100%| E|CS|TAMS 0x0000000712000000, 0x0000000712000000| Complete 
| 253|0x0000000712100000, 0x0000000712200000, 0x0000000712200000|100%| E|CS|TAMS 0x0000000712100000, 0x0000000712100000| Complete 
| 254|0x0000000712200000, 0x0000000712300000, 0x0000000712300000|100%| E|CS|TAMS 0x0000000712200000, 0x0000000712200000| Complete 
| 255|0x0000000712300000, 0x0000000712400000, 0x0000000712400000|100%| E|CS|TAMS 0x0000000712300000, 0x0000000712300000| Complete 
| 256|0x0000000712400000, 0x0000000712500000, 0x0000000712500000|100%| E|CS|TAMS 0x0000000712400000, 0x0000000712400000| Complete 
| 257|0x0000000712500000, 0x0000000712600000, 0x0000000712600000|100%| E|CS|TAMS 0x0000000712500000, 0x0000000712500000| Complete 
| 258|0x0000000712600000, 0x0000000712700000, 0x0000000712700000|100%| E|CS|TAMS 0x0000000712600000, 0x0000000712600000| Complete 
| 259|0x0000000712700000, 0x0000000712800000, 0x0000000712800000|100%| E|CS|TAMS 0x0000000712700000, 0x0000000712700000| Complete 
| 260|0x0000000712800000, 0x0000000712900000, 0x0000000712900000|100%| E|CS|TAMS 0x0000000712800000, 0x0000000712800000| Complete 
| 261|0x0000000712900000, 0x0000000712a00000, 0x0000000712a00000|100%| E|CS|TAMS 0x0000000712900000, 0x0000000712900000| Complete 
| 262|0x0000000712a00000, 0x0000000712b00000, 0x0000000712b00000|100%| E|CS|TAMS 0x0000000712a00000, 0x0000000712a00000| Complete 
| 263|0x0000000712b00000, 0x0000000712c00000, 0x0000000712c00000|100%| E|CS|TAMS 0x0000000712b00000, 0x0000000712b00000| Complete 
| 264|0x0000000712c00000, 0x0000000712d00000, 0x0000000712d00000|100%| E|CS|TAMS 0x0000000712c00000, 0x0000000712c00000| Complete 
| 265|0x0000000712d00000, 0x0000000712e00000, 0x0000000712e00000|100%| E|CS|TAMS 0x0000000712d00000, 0x0000000712d00000| Complete 
| 266|0x0000000712e00000, 0x0000000712f00000, 0x0000000712f00000|100%| E|CS|TAMS 0x0000000712e00000, 0x0000000712e00000| Complete 
| 267|0x0000000712f00000, 0x0000000713000000, 0x0000000713000000|100%| E|CS|TAMS 0x0000000712f00000, 0x0000000712f00000| Complete 
| 268|0x0000000713000000, 0x0000000713100000, 0x0000000713100000|100%| E|CS|TAMS 0x0000000713000000, 0x0000000713000000| Complete 
| 269|0x0000000713100000, 0x0000000713200000, 0x0000000713200000|100%| E|CS|TAMS 0x0000000713100000, 0x0000000713100000| Complete 
| 270|0x0000000713200000, 0x0000000713300000, 0x0000000713300000|100%| E|CS|TAMS 0x0000000713200000, 0x0000000713200000| Complete 
| 271|0x0000000713300000, 0x0000000713400000, 0x0000000713400000|100%| E|CS|TAMS 0x0000000713300000, 0x0000000713300000| Complete 
| 272|0x0000000713400000, 0x0000000713500000, 0x0000000713500000|100%| E|CS|TAMS 0x0000000713400000, 0x0000000713400000| Complete 
| 273|0x0000000713500000, 0x0000000713600000, 0x0000000713600000|100%| E|CS|TAMS 0x0000000713500000, 0x0000000713500000| Complete 
| 274|0x0000000713600000, 0x0000000713700000, 0x0000000713700000|100%| E|CS|TAMS 0x0000000713600000, 0x0000000713600000| Complete 
| 275|0x0000000713700000, 0x0000000713800000, 0x0000000713800000|100%| E|CS|TAMS 0x0000000713700000, 0x0000000713700000| Complete 
| 276|0x0000000713800000, 0x0000000713900000, 0x0000000713900000|100%| E|CS|TAMS 0x0000000713800000, 0x0000000713800000| Complete 
| 277|0x0000000713900000, 0x0000000713a00000, 0x0000000713a00000|100%| E|CS|TAMS 0x0000000713900000, 0x0000000713900000| Complete 
| 278|0x0000000713a00000, 0x0000000713b00000, 0x0000000713b00000|100%| E|CS|TAMS 0x0000000713a00000, 0x0000000713a00000| Complete 
| 279|0x0000000713b00000, 0x0000000713c00000, 0x0000000713c00000|100%| E|CS|TAMS 0x0000000713b00000, 0x0000000713b00000| Complete 
| 280|0x0000000713c00000, 0x0000000713d00000, 0x0000000713d00000|100%| E|CS|TAMS 0x0000000713c00000, 0x0000000713c00000| Complete 
| 281|0x0000000713d00000, 0x0000000713e00000, 0x0000000713e00000|100%| E|CS|TAMS 0x0000000713d00000, 0x0000000713d00000| Complete 
| 282|0x0000000713e00000, 0x0000000713f00000, 0x0000000713f00000|100%| E|CS|TAMS 0x0000000713e00000, 0x0000000713e00000| Complete 
| 283|0x0000000713f00000, 0x0000000714000000, 0x0000000714000000|100%| E|CS|TAMS 0x0000000713f00000, 0x0000000713f00000| Complete 
| 284|0x0000000714000000, 0x0000000714100000, 0x0000000714100000|100%| E|CS|TAMS 0x0000000714000000, 0x0000000714000000| Complete 
| 285|0x0000000714100000, 0x0000000714200000, 0x0000000714200000|100%| E|CS|TAMS 0x0000000714100000, 0x0000000714100000| Complete 
| 286|0x0000000714200000, 0x0000000714300000, 0x0000000714300000|100%| E|CS|TAMS 0x0000000714200000, 0x0000000714200000| Complete 
| 287|0x0000000714300000, 0x0000000714400000, 0x0000000714400000|100%| E|CS|TAMS 0x0000000714300000, 0x0000000714300000| Complete 
| 288|0x0000000714400000, 0x0000000714500000, 0x0000000714500000|100%| E|CS|TAMS 0x0000000714400000, 0x0000000714400000| Complete 
| 289|0x0000000714500000, 0x0000000714600000, 0x0000000714600000|100%| E|CS|TAMS 0x0000000714500000, 0x0000000714500000| Complete 
| 290|0x0000000714600000, 0x0000000714700000, 0x0000000714700000|100%| E|CS|TAMS 0x0000000714600000, 0x0000000714600000| Complete 
| 291|0x0000000714700000, 0x0000000714800000, 0x0000000714800000|100%| E|CS|TAMS 0x0000000714700000, 0x0000000714700000| Complete 
| 292|0x0000000714800000, 0x0000000714900000, 0x0000000714900000|100%| E|CS|TAMS 0x0000000714800000, 0x0000000714800000| Complete 
| 293|0x0000000714900000, 0x0000000714a00000, 0x0000000714a00000|100%| E|CS|TAMS 0x0000000714900000, 0x0000000714900000| Complete 
| 294|0x0000000714a00000, 0x0000000714b00000, 0x0000000714b00000|100%| E|CS|TAMS 0x0000000714a00000, 0x0000000714a00000| Complete 
| 295|0x0000000714b00000, 0x0000000714c00000, 0x0000000714c00000|100%| E|CS|TAMS 0x0000000714b00000, 0x0000000714b00000| Complete 
| 296|0x0000000714c00000, 0x0000000714d00000, 0x0000000714d00000|100%| E|CS|TAMS 0x0000000714c00000, 0x0000000714c00000| Complete 
| 297|0x0000000714d00000, 0x0000000714e00000, 0x0000000714e00000|100%| E|CS|TAMS 0x0000000714d00000, 0x0000000714d00000| Complete 
| 298|0x0000000714e00000, 0x0000000714f00000, 0x0000000714f00000|100%| E|CS|TAMS 0x0000000714e00000, 0x0000000714e00000| Complete 
| 299|0x0000000714f00000, 0x0000000715000000, 0x0000000715000000|100%| E|CS|TAMS 0x0000000714f00000, 0x0000000714f00000| Complete 
| 300|0x0000000715000000, 0x0000000715100000, 0x0000000715100000|100%| E|CS|TAMS 0x0000000715000000, 0x0000000715000000| Complete 
| 301|0x0000000715100000, 0x0000000715200000, 0x0000000715200000|100%| E|CS|TAMS 0x0000000715100000, 0x0000000715100000| Complete 
| 302|0x0000000715200000, 0x0000000715300000, 0x0000000715300000|100%| E|CS|TAMS 0x0000000715200000, 0x0000000715200000| Complete 
| 303|0x0000000715300000, 0x0000000715400000, 0x0000000715400000|100%| E|CS|TAMS 0x0000000715300000, 0x0000000715300000| Complete 
| 304|0x0000000715400000, 0x0000000715500000, 0x0000000715500000|100%| E|CS|TAMS 0x0000000715400000, 0x0000000715400000| Complete 

Card table byte_map: [0x000001c136030000,0x000001c136820000] _byte_map_base: 0x000001c13281e000

Marking Bits (Prev, Next): (CMBitMap*) 0x000001c11beedf58, (CMBitMap*) 0x000001c11beedf90
 Prev Bits: [0x000001c137010000, 0x000001c13af80000)
 Next Bits: [0x000001c13af80000, 0x000001c13eef0000)

Polling page: 0x000001c125db0000

Metaspace:

Usage:
  Non-class:     43.40 MB capacity,    42.62 MB ( 98%) used,   629.84 KB (  1%) free+waste,   176.81 KB ( <1%) overhead. 
      Class:      6.41 MB capacity,     5.85 MB ( 91%) used,   489.94 KB (  7%) free+waste,    85.31 KB (  1%) overhead. 
       Both:     49.81 MB capacity,    48.46 MB ( 97%) used,     1.09 MB (  2%) free+waste,   262.13 KB ( <1%) overhead. 

Virtual space:
  Non-class space:       44.00 MB reserved,      43.50 MB ( 99%) committed 
      Class space:        1.00 GB reserved,       6.50 MB ( <1%) committed 
             Both:        1.04 GB reserved,      50.00 MB (  5%) committed 

Chunk freelists:
   Non-Class:  35.00 KB
       Class:  0 bytes
        Both:  35.00 KB

MaxMetaspaceSize: 17179869184.00 GB
CompressedClassSpaceSize: 1.00 GB
Initial GC threshold: 20.80 MB
Current GC threshold: 58.75 MB
CDS: off

CodeHeap 'non-profiled nmethods': size=120000Kb used=2533Kb max_used=2533Kb free=117466Kb
 bounds [0x000001c12d8a0000, 0x000001c12db20000, 0x000001c134dd0000]
CodeHeap 'profiled nmethods': size=120000Kb used=10499Kb max_used=10499Kb free=109500Kb
 bounds [0x000001c126370000, 0x000001c126dc0000, 0x000001c12d8a0000]
CodeHeap 'non-nmethods': size=5760Kb used=1268Kb max_used=1326Kb free=4491Kb
 bounds [0x000001c125dd0000, 0x000001c126040000, 0x000001c126370000]
 total_blobs=4989 nmethods=4437 adapters=463
 compilation: enabled
              stopped_count=0, restarted_count=0
 full_count=0

Compilation events (20 events):
Event: 11.046 Thread 0x000001c14237f800 nmethod 4393 0x000001c126d83b10 code [0x000001c126d83cc0, 0x000001c126d83e78]
Event: 11.048 Thread 0x000001c14237f800 4394       3       java.util.HashMap$KeySpliterator::forEachRemaining (186 bytes)
Event: 11.048 Thread 0x000001c14237f800 nmethod 4394 0x000001c126d83f90 code [0x000001c126d841c0, 0x000001c126d84a28]
Event: 11.048 Thread 0x000001c14237f800 4395       3       org.hibernate.validator.internal.properties.javabean.JavaBeanExecutable::getDeclaringClass (8 bytes)
Event: 11.049 Thread 0x000001c14237f800 nmethod 4395 0x000001c126d84c90 code [0x000001c126d84e40, 0x000001c126d85008]
Event: 11.049 Thread 0x000001c14237f800 4396       3       java.util.HashMap$HashMapSpliterator::estimateSize (11 bytes)
Event: 11.049 Thread 0x000001c14237f800 nmethod 4396 0x000001c126d85110 code [0x000001c126d852c0, 0x000001c126d85408]
Event: 11.064 Thread 0x000001c14237f800 4397       3       java.util.regex.Pattern$CharProperty::<init> (10 bytes)
Event: 11.064 Thread 0x000001c14237f800 nmethod 4397 0x000001c126d85490 code [0x000001c126d85660, 0x000001c126d858f8]
Event: 11.064 Thread 0x000001c14237f800 4398       3       java.util.concurrent.ConcurrentHashMap::get (162 bytes)
Event: 11.065 Thread 0x000001c14237f800 nmethod 4398 0x000001c126d85a10 code [0x000001c126d85c80, 0x000001c126d869b8]
Event: 11.076 Thread 0x000001c14237f800 4400       3       org.springframework.beans.factory.annotation.InitDestroyAnnotationBeanPostProcessor::buildLifecycleMetadata (161 bytes)
Event: 11.078 Thread 0x000001c14237f800 nmethod 4400 0x000001c126d86d10 code [0x000001c126d870a0, 0x000001c126d88eb8]
Event: 11.081 Thread 0x000001c14237f800 4401       3       java.util.regex.Pattern::atom (422 bytes)
Event: 11.083 Thread 0x000001c14237f800 nmethod 4401 0x000001c126d89790 code [0x000001c126d89b40, 0x000001c126d8b5b8]
Event: 11.083 Thread 0x000001c14237f800 4402       3       java.util.AbstractList::listIterator (6 bytes)
Event: 11.083 Thread 0x000001c14237f800 nmethod 4402 0x000001c126d8be10 code [0x000001c126d8bfc0, 0x000001c126d8c188]
Event: 11.084 Thread 0x000001c14237f800 4403       3       java.lang.StringUTF16::codePointAt (86 bytes)
Event: 11.084 Thread 0x000001c14237f800 nmethod 4403 0x000001c126d8c210 code [0x000001c126d8c420, 0x000001c126d8cad8]
Event: 11.084 Thread 0x000001c14237f800 4404       3       java.util.regex.Pattern::sequence (645 bytes)

GC Heap History (10 events):
Event: 0.776 GC heap before
{Heap before GC invocations=0 (full 0):
 garbage-first heap   total 260096K, used 23552K [0x0000000702400000, 0x0000000800000000)
  region size 1024K, 24 young (24576K), 0 survivors (0K)
 Metaspace       used 13811K, capacity 14100K, committed 14336K, reserved 1062912K
  class space    used 1345K, capacity 1427K, committed 1536K, reserved 1048576K
}
Event: 0.781 GC heap after
{Heap after GC invocations=1 (full 0):
 garbage-first heap   total 260096K, used 4915K [0x0000000702400000, 0x0000000800000000)
  region size 1024K, 3 young (3072K), 3 survivors (3072K)
 Metaspace       used 13811K, capacity 14100K, committed 14336K, reserved 1062912K
  class space    used 1345K, capacity 1427K, committed 1536K, reserved 1048576K
}
Event: 1.386 GC heap before
{Heap before GC invocations=1 (full 0):
 garbage-first heap   total 260096K, used 36659K [0x0000000702400000, 0x0000000800000000)
  region size 1024K, 35 young (35840K), 3 survivors (3072K)
 Metaspace       used 20618K, capacity 21143K, committed 21248K, reserved 1069056K
  class space    used 2275K, capacity 2483K, committed 2560K, reserved 1048576K
}
Event: 1.393 GC heap after
{Heap after GC invocations=2 (full 0):
 garbage-first heap   total 260096K, used 6773K [0x0000000702400000, 0x0000000800000000)
  region size 1024K, 5 young (5120K), 5 survivors (5120K)
 Metaspace       used 20618K, capacity 21143K, committed 21248K, reserved 1069056K
  class space    used 2275K, capacity 2483K, committed 2560K, reserved 1048576K
}
Event: 1.884 GC heap before
{Heap before GC invocations=3 (full 0):
 garbage-first heap   total 260096K, used 44661K [0x0000000702400000, 0x0000000800000000)
  region size 1024K, 43 young (44032K), 5 survivors (5120K)
 Metaspace       used 26150K, capacity 26778K, committed 26880K, reserved 1073152K
  class space    used 2972K, capacity 3233K, committed 3328K, reserved 1048576K
}
Event: 1.891 GC heap after
{Heap after GC invocations=4 (full 0):
 garbage-first heap   total 260096K, used 9098K [0x0000000702400000, 0x0000000800000000)
  region size 1024K, 5 young (5120K), 5 survivors (5120K)
 Metaspace       used 26150K, capacity 26778K, committed 26880K, reserved 1073152K
  class space    used 2972K, capacity 3233K, committed 3328K, reserved 1048576K
}
Event: 2.768 GC heap before
{Heap before GC invocations=4 (full 0):
 garbage-first heap   total 260096K, used 70538K [0x0000000702400000, 0x0000000800000000)
  region size 1024K, 66 young (67584K), 5 survivors (5120K)
 Metaspace       used 33604K, capacity 34476K, committed 34560K, reserved 1079296K
  class space    used 3966K, capacity 4299K, committed 4352K, reserved 1048576K
}
Event: 2.774 GC heap after
{Heap after GC invocations=5 (full 0):
 garbage-first heap   total 260096K, used 11568K [0x0000000702400000, 0x0000000800000000)
  region size 1024K, 7 young (7168K), 7 survivors (7168K)
 Metaspace       used 33604K, capacity 34476K, committed 34560K, reserved 1079296K
  class space    used 3966K, capacity 4299K, committed 4352K, reserved 1048576K
}
Event: 3.040 GC heap before
{Heap before GC invocations=5 (full 0):
 garbage-first heap   total 260096K, used 17712K [0x0000000702400000, 0x0000000800000000)
  region size 1024K, 14 young (14336K), 7 survivors (7168K)
 Metaspace       used 34939K, capacity 35831K, committed 35840K, reserved 1081344K
  class space    used 4121K, capacity 4473K, committed 4480K, reserved 1048576K
}
Event: 3.046 GC heap after
{Heap after GC invocations=6 (full 0):
 garbage-first heap   total 312320K, used 11996K [0x0000000702400000, 0x0000000800000000)
  region size 1024K, 7 young (7168K), 7 survivors (7168K)
 Metaspace       used 34939K, capacity 35831K, committed 35840K, reserved 1081344K
  class space    used 4121K, capacity 4473K, committed 4480K, reserved 1048576K
}

Deoptimization events (20 events):
Event: 10.742 Thread 0x000001c1480b1800 Uncommon trap: trap_request=0xffffff4d fr.pc=0x000001c12da9b438 relative=0x00000000000013f8
Event: 10.742 Thread 0x000001c1480b1800 Uncommon trap: reason=unstable_if action=reinterpret pc=0x000001c12da9b438 method=java.util.concurrent.ConcurrentHashMap.putVal(Ljava/lang/Object;Ljava/lang/Object;Z)Ljava/lang/Object; @ 97 c2
Event: 10.742 Thread 0x000001c1480b1800 DEOPT PACKING pc=0x000001c12da9b438 sp=0x0000008b8b6fe0c0
Event: 10.742 Thread 0x000001c1480b1800 DEOPT UNPACKING pc=0x000001c125e1a1af sp=0x0000008b8b6fe068 mode 2
Event: 10.844 Thread 0x000001c1480b1800 Uncommon trap: trap_request=0xffffff4d fr.pc=0x000001c12d94edf8 relative=0x0000000000000058
Event: 10.844 Thread 0x000001c1480b1800 Uncommon trap: reason=unstable_if action=reinterpret pc=0x000001c12d94edf8 method=java.util.Objects.equals(Ljava/lang/Object;Ljava/lang/Object;)Z @ 6 c2
Event: 10.844 Thread 0x000001c1480b1800 DEOPT PACKING pc=0x000001c12d94edf8 sp=0x0000008b8b6fc8b0
Event: 10.844 Thread 0x000001c1480b1800 DEOPT UNPACKING pc=0x000001c125e1a1af sp=0x0000008b8b6fc850 mode 2
Event: 11.047 Thread 0x000001c1480b1800 Uncommon trap: trap_request=0xffffff4d fr.pc=0x000001c12d95a6dc relative=0x000000000000019c
Event: 11.047 Thread 0x000001c1480b1800 Uncommon trap: reason=unstable_if action=reinterpret pc=0x000001c12d95a6dc method=java.util.concurrent.ConcurrentHashMap.get(Ljava/lang/Object;)Ljava/lang/Object; @ 152 c2
Event: 11.047 Thread 0x000001c1480b1800 DEOPT PACKING pc=0x000001c12d95a6dc sp=0x0000008b8b6fc8a0
Event: 11.047 Thread 0x000001c1480b1800 DEOPT UNPACKING pc=0x000001c125e1a1af sp=0x0000008b8b6fc818 mode 2
Event: 11.076 Thread 0x000001c1480b1800 Uncommon trap: trap_request=0xffffff4d fr.pc=0x000001c12d9d4eec relative=0x00000000000001ac
Event: 11.076 Thread 0x000001c1480b1800 Uncommon trap: reason=unstable_if action=reinterpret pc=0x000001c12d9d4eec method=org.springframework.beans.factory.support.AbstractAutowireCapableBeanFactory.determineTargetType(Ljava/lang/String;Lorg/springframework/beans/factory/support/RootBeanDefinit
Event: 11.076 Thread 0x000001c1480b1800 DEOPT PACKING pc=0x000001c12d9d4eec sp=0x0000008b8b6fc5f0
Event: 11.076 Thread 0x000001c1480b1800 DEOPT UNPACKING pc=0x000001c125e1a1af sp=0x0000008b8b6fc5a8 mode 2
Event: 11.087 Thread 0x000001c1480b1800 Uncommon trap: trap_request=0xffffff4d fr.pc=0x000001c12da8b928 relative=0x0000000000000388
Event: 11.087 Thread 0x000001c1480b1800 Uncommon trap: reason=unstable_if action=reinterpret pc=0x000001c12da8b928 method=java.io.ByteArrayInputStream.read([BII)I @ 35 c2
Event: 11.087 Thread 0x000001c1480b1800 DEOPT PACKING pc=0x000001c12da8b928 sp=0x0000008b8b6fb980
Event: 11.087 Thread 0x000001c1480b1800 DEOPT UNPACKING pc=0x000001c125e1a1af sp=0x0000008b8b6fb940 mode 2

Classes redefined (0 events):
No events

Internal exceptions (20 events):
Event: 3.863 Thread 0x000001c11be88800 Implicit null exception at 0x000001c12da3d1ec to 0x000001c12da3d2ec
Event: 3.901 Thread 0x000001c11be88800 Exception <a 'java/lang/NoSuchMethodError'{0x0000000712345d70}: 'void java.lang.invoke.DirectMethodHandle$Holder.invokeVirtual(java.lang.Object, java.lang.Object, int)'> (0x0000000712345d70) thrown at [s\src\hotspot\share\interpreter\linkResolver.cpp, line 773]
Event: 3.903 Thread 0x000001c11be88800 Exception <a 'java/lang/NoSuchMethodError'{0x0000000712360858}: 'void java.lang.invoke.DirectMethodHandle$Holder.invokeVirtual(java.lang.Object, java.lang.Object, long)'> (0x0000000712360858) thrown at [s\src\hotspot\share\interpreter\linkResolver.cpp, line 773]
Event: 4.013 Thread 0x000001c11be88800 Exception <a 'java/lang/IncompatibleClassChangeError'{0x0000000711ca1c28}: Found class java.lang.Object, but interface was expected> (0x0000000711ca1c28) thrown at [s\src\hotspot\share\interpreter\linkResolver.cpp, line 839]
Event: 4.063 Thread 0x000001c11be88800 Exception <a 'java/lang/NoSuchMethodError'{0x00000007112b46b0}: 'java.lang.Object java.lang.invoke.DirectMethodHandle$Holder.invokeSpecial(java.lang.Object, java.lang.Object, java.lang.Object, java.lang.Object, java.lang.Object, java.lang.Object, java.lang.Object, java.lang.Object, java.lang.Object, java.lang.Object)'> (0x00000007112b46b0) thrown at [s\src\hotspot\share\interpreter\linkResolver.cpp, line 773]
Event: 4.063 Thread 0x000001c11be88800 Exception <a 'java/lang/NoSuchMethodError'{0x00000007112b8880}: 'java.lang.Object java.lang.invoke.Invokers$Holder.linkToTargetMethod(java.lang.Object, java.lang.Object, java.lang.Object, java.lang.Object, java.lang.Object, java.lang.Object, java.lang.Object, java.lang.Object, java.lang.Object)'> (0x00000007112b8880) thrown at [s\src\hotspot\share\interpreter\linkResolver.cpp, line 773]
Event: 4.112 Thread 0x000001c11be88800 Implicit null exception at 0x000001c12da94833 to 0x000001c12da94948
Event: 4.144 Thread 0x000001c11be88800 Exception <a 'java/lang/ClassNotFoundException'{0x0000000710ebf250}: java/lang/ObjectCustomizer> (0x0000000710ebf250) thrown at [s\src\hotspot\share\classfile\systemDictionary.cpp, line 230]
Event: 4.145 Thread 0x000001c11be88800 Exception <a 'java/lang/ClassNotFoundException'{0x0000000710ed0668}: org/springframework/boot/actuate/autoconfigure/metrics/task/TaskExecutorMetricsAutoConfigurationCustomizer> (0x0000000710ed0668) thrown at [s\src\hotspot\share\classfile\systemDictionary.cpp, line 230]
Event: 4.189 Thread 0x000001c11be88800 Exception <a 'java/lang/NoSuchMethodError'{0x0000000710b11440}: 'java.lang.Object java.lang.invoke.DirectMethodHandle$Holder.invokeSpecial(java.lang.Object, java.lang.Object, int, java.lang.Object, int, java.lang.Object)'> (0x0000000710b11440) thrown at [s\src\hotspot\share\interpreter\linkResolver.cpp, line 773]
Event: 4.189 Thread 0x000001c11be88800 Exception <a 'java/lang/NoSuchMethodError'{0x0000000710b18928}: 'java.lang.Object java.lang.invoke.DirectMethodHandle$Holder.invokeStatic(java.lang.Object, java.lang.Object, int, java.lang.Object, int)'> (0x0000000710b18928) thrown at [s\src\hotspot\share\interpreter\linkResolver.cpp, line 773]
Event: 4.189 Thread 0x000001c11be88800 Exception <a 'java/lang/NoSuchMethodError'{0x0000000710b1c108}: 'java.lang.Object java.lang.invoke.DirectMethodHandle$Holder.invokeSpecial(java.lang.Object, java.lang.Object, java.lang.Object, int, java.lang.Object, int)'> (0x0000000710b1c108) thrown at [s\src\hotspot\share\interpreter\linkResolver.cpp, line 773]
Event: 4.191 Thread 0x000001c11be88800 Exception <a 'java/lang/NoSuchMethodError'{0x0000000710b283e8}: 'void java.lang.invoke.DirectMethodHandle$Holder.invokeVirtual(java.lang.Object, java.lang.Object)'> (0x0000000710b283e8) thrown at [s\src\hotspot\share\interpreter\linkResolver.cpp, line 773]
Event: 4.244 Thread 0x000001c11be88800 Exception <a 'java/lang/IncompatibleClassChangeError'{0x000000071067f890}: Found class java.lang.Object, but interface was expected> (0x000000071067f890) thrown at [s\src\hotspot\share\interpreter\linkResolver.cpp, line 839]
Event: 4.261 Thread 0x000001c11be88800 Exception <a 'java/lang/NoSuchMethodError'{0x000000071050b868}: 'java.lang.Object java.lang.invoke.DirectMethodHandle$Holder.invokeStatic(java.lang.Object, java.lang.Object, java.lang.Object, java.lang.Object, java.lang.Object, java.lang.Object, java.lang.Object, java.lang.Object, java.lang.Object, java.lang.Object, java.lang.Object, int)'> (0x000000071050b868) thrown at [s\src\hotspot\share\interpreter\linkResolver.cpp, line 773]
Event: 4.262 Thread 0x000001c11be88800 Exception <a 'java/lang/NoSuchMethodError'{0x00000007105297f0}: 'java.lang.Object java.lang.invoke.DirectMethodHandle$Holder.invokeStatic(java.lang.Object, java.lang.Object, java.lang.Object, java.lang.Object, java.lang.Object, java.lang.Object, java.lang.Object, java.lang.Object, java.lang.Object, java.lang.Object, java.lang.Object, int, int)'> (0x00000007105297f0) thrown at [s\src\hotspot\share\interpreter\linkResolver.cpp, line 773]
Event: 4.263 Thread 0x000001c11be88800 Exception <a 'java/lang/NoSuchMethodError'{0x0000000710548828}: 'java.lang.Object java.lang.invoke.DirectMethodHandle$Holder.invokeStatic(java.lang.Object, java.lang.Object, java.lang.Object, java.lang.Object, java.lang.Object, java.lang.Object, java.lang.Object, java.lang.Object, java.lang.Object, java.lang.Object, java.lang.Object, int, int, java.lang.Object)'> (0x0000000710548828) thrown at [s\src\hotspot\share\interpreter\linkResolver.cpp, line 773]
Event: 4.264 Thread 0x000001c11be88800 Exception <a 'java/lang/NoSuchMethodError'{0x0000000710568ee8}: 'java.lang.Object java.lang.invoke.DirectMethodHandle$Holder.invokeStatic(java.lang.Object, java.lang.Object, java.lang.Object, java.lang.Object, java.lang.Object, java.lang.Object, java.lang.Object, java.lang.Object, java.lang.Object, java.lang.Object, java.lang.Object, int, int, java.lang.Object, java.lang.Object)'> (0x0000000710568ee8) thrown at [s\src\hotspot\share\interpreter\linkResolver.cpp, line 773]
Event: 4.279 Thread 0x000001c11be88800 Implicit null exception at 0x000001c12da0585d to 0x000001c12da05a54
Event: 11.070 Thread 0x000001c1480b1800 Exception <a 'java/lang/NoSuchMethodError'{0x000000070f668e18}: 'java.lang.Object java.lang.invoke.Invokers$Holder.linkToTargetMethod(java.lang.Object, java.lang.Object, java.lang.Object, java.lang.Object, java.lang.Object, java.lang.Object, java.lang.Object)'> (0x000000070f668e18) thrown at [s\src\hotspot\share\interpreter\linkResolver.cpp, line 773]

Events (20 events):
Event: 11.085 loading class java/net/IDN
Event: 11.086 loading class java/net/IDN done
Event: 11.086 loading class sun/net/idn/StringPrep
Event: 11.086 loading class sun/net/idn/StringPrep done
Event: 11.086 loading class sun/net/idn/StringPrepDataReader
Event: 11.086 loading class sun/text/normalizer/ICUBinary$Authenticate
Event: 11.086 loading class sun/text/normalizer/ICUBinary$Authenticate done
Event: 11.086 loading class sun/net/idn/StringPrepDataReader done
Event: 11.086 loading class sun/text/normalizer/ICUBinary
Event: 11.086 loading class sun/text/normalizer/ICUBinary done
Event: 11.087 Executing VM operation: RevokeBias
Event: 11.087 Executing VM operation: RevokeBias done
Event: 11.088 loading class sun/net/idn/StringPrep$StringPrepTrieImpl
Event: 11.088 loading class sun/text/normalizer/Trie$DataManipulate
Event: 11.088 loading class sun/text/normalizer/Trie$DataManipulate done
Event: 11.088 loading class sun/net/idn/StringPrep$StringPrepTrieImpl done
Event: 11.088 loading class sun/text/normalizer/CharTrie
Event: 11.088 loading class sun/text/normalizer/Trie
Event: 11.088 loading class sun/text/normalizer/Trie done
Event: 11.088 loading class sun/text/normalizer/CharTrie done


Dynamic libraries:
0x00007ff774400000 - 0x00007ff77440d000 	C:\Users\KenGa\.jdks\corretto-11.0.19\bin\java.exe
0x00007ffa10df0000 - 0x00007ffa10fe8000 	C:\WINDOWS\SYSTEM32\ntdll.dll
0x00007ffa109b0000 - 0x00007ffa10a6d000 	C:\WINDOWS\System32\KERNEL32.DLL
0x00007ffa0e660000 - 0x00007ffa0e956000 	C:\WINDOWS\System32\KERNELBASE.dll
0x00007ffa0ead0000 - 0x00007ffa0ebd0000 	C:\WINDOWS\System32\ucrtbase.dll
0x00007ff9f2f10000 - 0x00007ff9f2f29000 	C:\Users\KenGa\.jdks\corretto-11.0.19\bin\VCRUNTIME140.dll
0x00007ffa09680000 - 0x00007ffa09697000 	C:\Users\KenGa\.jdks\corretto-11.0.19\bin\jli.dll
0x00007ffa106e0000 - 0x00007ffa1087f000 	C:\WINDOWS\System32\USER32.dll
0x00007ff9fb8b0000 - 0x00007ff9fbb4a000 	C:\WINDOWS\WinSxS\amd64_microsoft.windows.common-controls_6595b64144ccf1df_6.0.19041.3636_none_60b6a03d71f818d5\COMCTL32.dll
0x00007ffa0e960000 - 0x00007ffa0e982000 	C:\WINDOWS\System32\win32u.dll
0x00007ffa0fc90000 - 0x00007ffa0fd2e000 	C:\WINDOWS\System32\msvcrt.dll
0x00007ffa10c80000 - 0x00007ffa10cab000 	C:\WINDOWS\System32\GDI32.dll
0x00007ffa0e540000 - 0x00007ffa0e657000 	C:\WINDOWS\System32\gdi32full.dll
0x00007ffa0e470000 - 0x00007ffa0e50d000 	C:\WINDOWS\System32\msvcp_win.dll
0x00007ffa0fbf0000 - 0x00007ffa0fc22000 	C:\WINDOWS\System32\IMM32.DLL
0x00007ff995840000 - 0x00007ff9958db000 	C:\Users\KenGa\.jdks\corretto-11.0.19\bin\msvcp140.dll
0x00007ff97cf50000 - 0x00007ff97dada000 	C:\Users\KenGa\.jdks\corretto-11.0.19\bin\server\jvm.dll
0x00007ffa10110000 - 0x00007ffa101c0000 	C:\WINDOWS\System32\ADVAPI32.dll
0x00007ffa0f850000 - 0x00007ffa0f8f0000 	C:\WINDOWS\System32\sechost.dll
0x00007ffa0f8f0000 - 0x00007ffa0fa13000 	C:\WINDOWS\System32\RPCRT4.dll
0x00007ffa0e510000 - 0x00007ffa0e537000 	C:\WINDOWS\System32\bcrypt.dll
0x00007ffa10090000 - 0x00007ffa10098000 	C:\WINDOWS\System32\PSAPI.DLL
0x00007ffa026b0000 - 0x00007ffa026d7000 	C:\WINDOWS\SYSTEM32\WINMM.dll
0x00007ffa08b30000 - 0x00007ffa08b3a000 	C:\WINDOWS\SYSTEM32\VERSION.dll
0x00007ffa09ed0000 - 0x00007ffa09ed9000 	C:\WINDOWS\SYSTEM32\WSOCK32.dll
0x00007ffa100a0000 - 0x00007ffa1010b000 	C:\WINDOWS\System32\WS2_32.dll
0x00007ffa0c200000 - 0x00007ffa0c212000 	C:\WINDOWS\SYSTEM32\kernel.appcore.dll
0x00007ff9f98d0000 - 0x00007ff9f98e0000 	C:\Users\KenGa\.jdks\corretto-11.0.19\bin\verify.dll
0x00007ffa02430000 - 0x00007ffa02614000 	C:\WINDOWS\SYSTEM32\DBGHELP.DLL
0x00007ff9e9ca0000 - 0x00007ff9e9cd4000 	C:\WINDOWS\SYSTEM32\dbgcore.DLL
0x00007ffa0ea40000 - 0x00007ffa0eac2000 	C:\WINDOWS\System32\bcryptPrimitives.dll
0x00007ff9f2eb0000 - 0x00007ff9f2ed8000 	C:\Users\KenGa\.jdks\corretto-11.0.19\bin\java.dll
0x00007ff9f2ea0000 - 0x00007ff9f2eaa000 	C:\Users\KenGa\.jdks\corretto-11.0.19\bin\jimage.dll
0x00007ff9f2e70000 - 0x00007ff9f2e7e000 	C:\Users\KenGa\.jdks\corretto-11.0.19\bin\instrument.dll
0x00007ff9f2e80000 - 0x00007ff9f2e98000 	C:\Users\KenGa\.jdks\corretto-11.0.19\bin\zip.dll
0x00007ffa0f0e0000 - 0x00007ffa0f84b000 	C:\WINDOWS\System32\SHELL32.dll
0x00007ffa0c4e0000 - 0x00007ffa0cc7e000 	C:\WINDOWS\SYSTEM32\windows.storage.dll
0x00007ffa0fd30000 - 0x00007ffa10083000 	C:\WINDOWS\System32\combase.dll
0x00007ffa0ddc0000 - 0x00007ffa0ddee000 	C:\WINDOWS\SYSTEM32\Wldp.dll
0x00007ffa10a70000 - 0x00007ffa10b3d000 	C:\WINDOWS\System32\OLEAUT32.dll
0x00007ffa10630000 - 0x00007ffa106dd000 	C:\WINDOWS\System32\SHCORE.dll
0x00007ffa0edf0000 - 0x00007ffa0ee45000 	C:\WINDOWS\System32\shlwapi.dll
0x00007ffa0e3a0000 - 0x00007ffa0e3c3000 	C:\WINDOWS\SYSTEM32\profapi.dll
0x00007ff9ec6c0000 - 0x00007ff9ec6d9000 	C:\Users\KenGa\.jdks\corretto-11.0.19\bin\net.dll
0x00007ffa08820000 - 0x00007ffa0892a000 	C:\WINDOWS\SYSTEM32\WINHTTP.dll
0x00007ffa0dad0000 - 0x00007ffa0db3a000 	C:\WINDOWS\system32\mswsock.dll
0x00007ff9eb7f0000 - 0x00007ff9eb803000 	C:\Users\KenGa\.jdks\corretto-11.0.19\bin\nio.dll
0x00007ff9e4f30000 - 0x00007ff9e4f4a000 	C:\Program Files\IntelliJ IDEA Community Edition 2020.2.1\bin\breakgen64.dll
0x00007ff9ee440000 - 0x00007ff9ee449000 	C:\Users\KenGa\.jdks\corretto-11.0.19\bin\management.dll
0x00007ff9eb7e0000 - 0x00007ff9eb7eb000 	C:\Users\KenGa\.jdks\corretto-11.0.19\bin\management_ext.dll
0x00007ff9e1980000 - 0x00007ff9e1997000 	C:\WINDOWS\system32\napinsp.dll
0x00007ff9e1930000 - 0x00007ff9e194b000 	C:\WINDOWS\system32\pnrpnsp.dll
0x00007ff9e2000000 - 0x00007ff9e2015000 	C:\WINDOWS\system32\wshbth.dll
0x00007ffa09db0000 - 0x00007ffa09dcd000 	C:\WINDOWS\system32\NLAapi.dll
0x00007ffa0d7d0000 - 0x00007ffa0d80b000 	C:\WINDOWS\SYSTEM32\IPHLPAPI.DLL
0x00007ffa0d810000 - 0x00007ffa0d8db000 	C:\WINDOWS\SYSTEM32\DNSAPI.dll
0x00007ffa109a0000 - 0x00007ffa109a8000 	C:\WINDOWS\System32\NSI.dll
0x00007ff9e1910000 - 0x00007ff9e1922000 	C:\WINDOWS\System32\winrnr.dll
0x00007ffa05040000 - 0x00007ffa0504a000 	C:\Windows\System32\rasadhlp.dll
0x00007ffa07390000 - 0x00007ffa07410000 	C:\WINDOWS\System32\fwpuclnt.dll
0x00007ffa0de00000 - 0x00007ffa0de18000 	C:\WINDOWS\SYSTEM32\CRYPTSP.dll
0x00007ffa0d410000 - 0x00007ffa0d444000 	C:\WINDOWS\system32\rsaenh.dll
0x00007ffa0e320000 - 0x00007ffa0e34e000 	C:\WINDOWS\SYSTEM32\USERENV.dll
0x00007ffa0dcf0000 - 0x00007ffa0dcfc000 	C:\WINDOWS\SYSTEM32\CRYPTBASE.dll
0x00007ffa08930000 - 0x00007ffa08947000 	C:\WINDOWS\SYSTEM32\dhcpcsvc6.DLL
0x00007ffa09090000 - 0x00007ffa090ad000 	C:\WINDOWS\SYSTEM32\dhcpcsvc.DLL
0x00007ff9e5ca0000 - 0x00007ff9e5cae000 	C:\Users\KenGa\.jdks\corretto-11.0.19\bin\sunmscapi.dll
0x00007ffa0ebd0000 - 0x00007ffa0ed2e000 	C:\WINDOWS\System32\CRYPT32.dll
0x00007ffa0def0000 - 0x00007ffa0df18000 	C:\WINDOWS\SYSTEM32\ncrypt.dll
0x00007ffa0de50000 - 0x00007ffa0de8b000 	C:\WINDOWS\SYSTEM32\NTASN1.dll
0x00007ff9d5960000 - 0x00007ff9d5985000 	C:\Users\KenGa\.jdks\corretto-11.0.19\bin\sunec.dll

dbghelp: loaded successfully - version: 4.0.5 - missing functions: none
symbol engine: initialized successfully - sym options: 0x614 - pdb path: .;C:\Users\KenGa\.jdks\corretto-11.0.19\bin;C:\WINDOWS\SYSTEM32;C:\WINDOWS\WinSxS\amd64_microsoft.windows.common-controls_6595b64144ccf1df_6.0.19041.3636_none_60b6a03d71f818d5;C:\Users\KenGa\.jdks\corretto-11.0.19\bin\server;C:\Program Files\IntelliJ IDEA Community Edition 2020.2.1\bin

VM Arguments:
jvm_args: -javaagent:C:\Program Files\IntelliJ IDEA Community Edition 2020.2.1\lib\idea_rt.jar=55554:C:\Program Files\IntelliJ IDEA Community Edition 2020.2.1\bin -Dfile.encoding=UTF-8 
java_command: ru.practicum.AppGateWey
java_class_path (initial): C:\Users\KenGa\dev\java-shareit\shareIt-gateway\target\classes;C:\Users\KenGa\.m2\repository\org\springframework\boot\spring-boot-starter-web\2.7.9\spring-boot-starter-web-2.7.9.jar;C:\Users\KenGa\.m2\repository\org\springframework\boot\spring-boot-starter\2.7.9\spring-boot-starter-2.7.9.jar;C:\Users\KenGa\.m2\repository\org\springframework\boot\spring-boot\2.7.9\spring-boot-2.7.9.jar;C:\Users\KenGa\.m2\repository\org\springframework\boot\spring-boot-autoconfigure\2.7.9\spring-boot-autoconfigure-2.7.9.jar;C:\Users\KenGa\.m2\repository\org\springframework\boot\spring-boot-starter-logging\2.7.9\spring-boot-starter-logging-2.7.9.jar;C:\Users\KenGa\.m2\repository\ch\qos\logback\logback-classic\1.2.11\logback-classic-1.2.11.jar;C:\Users\KenGa\.m2\repository\ch\qos\logback\logback-core\1.2.11\logback-core-1.2.11.jar;C:\Users\KenGa\.m2\repository\org\apache\logging\log4j\log4j-to-slf4j\2.17.2\log4j-to-slf4j-2.17.2.jar;C:\Users\KenGa\.m2\repository\org\apache\logging\log4j\log4j-api\2.17.2\log4j-api-2.17.2.jar;C:\Users\KenGa\.m2\repository\org\slf4j\jul-to-slf4j\1.7.36\jul-to-slf4j-1.7.36.jar;C:\Users\KenGa\.m2\repository\jakarta\annotation\jakarta.annotation-api\1.3.5\jakarta.annotation-api-1.3.5.jar;C:\Users\KenGa\.m2\repository\org\yaml\snakeyaml\1.30\snakeyaml-1.30.jar;C:\Users\KenGa\.m2\repository\org\springframework\boot\spring-boot-starter-json\2.7.9\spring-boot-starter-json-2.7.9.jar;C:\Users\KenGa\.m2\repository\com\fasterxml\jackson\core\jackson-databind\2.13.5\jackson-databind-2.13.5.jar;C:\Users\KenGa\.m2\repository\com\fasterxml\jackson\core\jackson-annotations\2.13.5\jackson-annotations-2.13.5.jar;C:\Users\KenGa\.m2\repository\com\fasterxml\jackson\core\jackson-core\2.13.5\jackson-core-2.13.5.jar;C:\Users\KenGa\.m2\repository\com\fasterxml\jackson\datatype\jackson-datatype-jdk8\2.13.5\jackson-datatype-jdk8-2.13.5.jar;C:\Users\KenGa\.m2\repository\com\fasterxml\jackson\datatype\jackson-datatype-jsr310\2.13.5\jackson-datatype-jsr310-
Launcher Type: SUN_STANDARD

[Global flags]
     intx CICompilerCount                          = 4                                         {product} {ergonomic}
     uint ConcGCThreads                            = 2                                         {product} {ergonomic}
     uint G1ConcRefinementThreads                  = 8                                         {product} {ergonomic}
   size_t G1HeapRegionSize                         = 1048576                                   {product} {ergonomic}
    uintx GCDrainStackTargetSize                   = 64                                        {product} {ergonomic}
   size_t InitialHeapSize                          = 266338304                                 {product} {ergonomic}
   size_t MarkStackSize                            = 4194304                                   {product} {ergonomic}
   size_t MaxHeapSize                              = 4257218560                                {product} {ergonomic}
   size_t MaxNewSize                               = 2554331136                                {product} {ergonomic}
   size_t MinHeapDeltaBytes                        = 1048576                                   {product} {ergonomic}
    uintx NonNMethodCodeHeapSize                   = 5836300                                {pd product} {ergonomic}
    uintx NonProfiledCodeHeapSize                  = 122910970                              {pd product} {ergonomic}
    uintx ProfiledCodeHeapSize                     = 122910970                              {pd product} {ergonomic}
    uintx ReservedCodeCacheSize                    = 251658240                              {pd product} {ergonomic}
     bool SegmentedCodeCache                       = true                                      {product} {ergonomic}
     bool UseCompressedClassPointers               = true                                 {lp64_product} {ergonomic}
     bool UseCompressedOops                        = true                                 {lp64_product} {ergonomic}
     bool UseG1GC                                  = true                                      {product} {ergonomic}
     bool UseLargePagesIndividualAllocation        = false                                  {pd product} {ergonomic}

Logging:
Log output configuration:
 #0: stdout all=warning uptime,level,tags
 #1: stderr all=off uptime,level,tags

Environment Variables:
JAVA_HOME=C:\Program Files\Java\jdk-19
PATH=C:\Program Files (x86)\Common Files\Oracle\Java\java8path;C:\Program Files (x86)\Common Files\Oracle\Java\javapath;C:\Program Files\Java\jdk-19\bin;C:\Windows\system32;C:\Windows;C:\Windows\System32\Wbem;C:\Windows\System32\WindowsPowerShell\v1.0\;C:\Windows\System32\OpenSSH\;C:\Program Files (x86)\NVIDIA Corporation\PhysX\Common;C:\Program Files\NVIDIA Corporation\NVIDIA NvDLISR;C:\WINDOWS\system32;C:\WINDOWS;C:\WINDOWS\System32\Wbem;C:\WINDOWS\System32\WindowsPowerShell\v1.0\;C:\WINDOWS\System32\OpenSSH\;C:\Program Files (x86)\dotnet\;C:\Program Files\Java\jdk-19;C:\Program Files\nodejs\;C:\Program Files\Git\cmd;C:\Program Files\Docker\Docker\resources\bin;C:\Users\KenGa\AppData\Local\Microsoft\WindowsApps;;C:\Users\KenGa\AppData\Local\Programs\Microsoft VS Code\bin;C:\Program Files (x86)\Brackets\;C:\Users\KenGa\AppData\Roaming\npm
USERNAME=KenGa
OS=Windows_NT
PROCESSOR_IDENTIFIER=Intel64 Family 6 Model 158 Stepping 9, GenuineIntel
TMP=C:\Users\KenGa\AppData\Local\Temp
TEMP=C:\Users\KenGa\AppData\Local\Temp



---------------  S Y S T E M  ---------------

OS: Windows 10 , 64 bit Build 19041 (10.0.19041.3636)
OS uptime: 0 days 5:04 hours
Hyper-V role detected

CPU:total 8 (initial active 8) (4 cores per cpu, 2 threads per core) family 6 model 158 stepping 9 microcode 0xb4, cmov, cx8, fxsr, mmx, sse, sse2, sse3, ssse3, sse4.1, sse4.2, popcnt, avx, avx2, aes, clmul, erms, rtm, 3dnowpref, lzcnt, ht, tsc, tscinvbit, bmi1, bmi2, adx, fma

Memory: 4k page, system-wide physical 16239M (3055M free)
TotalPageFile size 18287M (AvailPageFile size 5M)
current process WorkingSet (physical memory assigned to process): 278M, peak: 307M
current process commit charge ("private bytes"): 497M, peak: 526M

vm_info: OpenJDK 64-Bit Server VM (11.0.19+7-LTS) for windows-amd64 JRE (11.0.19+7-LTS), built on Apr 13 2023 22:56:25 by "Administrator" with MS VC++ 15.9 (VS2017)

END.
